Extracting ../MNIST_data/train-images-idx3-ubyte.gz
Extracting ../MNIST_data/train-labels-idx1-ubyte.gz
Extracting ../MNIST_data/t10k-images-idx3-ubyte.gz
Extracting ../MNIST_data/t10k-labels-idx1-ubyte.gz
('Train', (55000, 784), 'Test', (10000, 784))
('Details', 'mnist_uni_noise_kappa_4_adv.csv', 'MNIST Grad -- New Framework', 100, 64, 25)
('minibatch Accuracy (i, batch number)', 0, 50, [0.09916364, 2.3741024, 0.6050655])
('minibatch Accuracy (i, batch number)', 0, 100, [0.09916364, 2.3103898, 0.6019515])
('minibatch Accuracy (i, batch number)', 0, 150, [0.11234546, 2.2983942, 0.60853165])
('minibatch Accuracy (i, batch number)', 0, 200, [0.11241818, 2.2661679, 0.64045405])
('minibatch Accuracy (i, batch number)', 0, 250, [0.14325455, 2.0897222, 0.67091334])
('minibatch Accuracy (i, batch number)', 0, 300, [0.13256364, 1.9560336, 0.6734832])
('minibatch Accuracy (i, batch number)', 0, 350, [0.12385455, 1.8707764, 0.6625032])
('minibatch Accuracy (i, batch number)', 0, 400, [0.12932727, 1.816806, 0.65643525])
('minibatch Accuracy (i, batch number)', 0, 450, [0.18418182, 1.749281, 0.64553106])
('minibatch Accuracy (i, batch number)', 0, 500, [0.12834546, 1.6725508, 0.64681524])
('minibatch Accuracy (i, batch number)', 0, 550, [0.12203636, 1.6091515, 0.64233816])
('minibatch Accuracy (i, batch number)', 0, 600, [0.121181816, 1.5399246, 0.6444527])
('minibatch Accuracy (i, batch number)', 0, 650, [0.12623636, 1.482243, 0.6409104])
('minibatch Accuracy (i, batch number)', 0, 700, [0.12085455, 1.4244182, 0.6377427])
('minibatch Accuracy (i, batch number)', 0, 750, [0.14603636, 1.3611472, 0.6387789])
('minibatch Accuracy (i, batch number)', 0, 800, [0.19565454, 1.3132067, 0.63255864])
('minibatch Accuracy (i, batch number)', 0, 850, [0.21225454, 1.2404051, 0.6321077])
('Accuracy', 0, 'Test', array([0.23119999]), 'Train', array([0.22430909]))
('minibatch Accuracy (i, batch number)', 1, 50, [0.24078181, 1.1836848, 0.6300252])
('minibatch Accuracy (i, batch number)', 1, 100, [0.2527818, 1.1390955, 0.6276096])
('minibatch Accuracy (i, batch number)', 1, 150, [0.25003636, 1.0960238, 0.6257754])
('minibatch Accuracy (i, batch number)', 1, 200, [0.2730909, 1.0489713, 0.6234819])
('minibatch Accuracy (i, batch number)', 1, 250, [0.29770908, 1.0409936, 0.62511325])
('minibatch Accuracy (i, batch number)', 1, 300, [0.27923638, 0.9663906, 0.62274003])
('minibatch Accuracy (i, batch number)', 1, 350, [0.3106, 0.92546314, 0.61879313])
('minibatch Accuracy (i, batch number)', 1, 400, [0.32494545, 0.9006782, 0.6167602])
('minibatch Accuracy (i, batch number)', 1, 450, [0.31967273, 0.8617634, 0.6162573])
('minibatch Accuracy (i, batch number)', 1, 500, [0.30167273, 0.8193581, 0.61590064])
('minibatch Accuracy (i, batch number)', 1, 550, [0.30076364, 0.7976534, 0.6126844])
('minibatch Accuracy (i, batch number)', 1, 600, [0.30927274, 0.77159435, 0.61492795])
('minibatch Accuracy (i, batch number)', 1, 650, [0.35245454, 0.7347337, 0.6154311])
('minibatch Accuracy (i, batch number)', 1, 700, [0.35778183, 0.7162613, 0.6138114])
('minibatch Accuracy (i, batch number)', 1, 750, [0.35756364, 0.72384006, 0.61292076])
('minibatch Accuracy (i, batch number)', 1, 800, [0.36303636, 0.67801136, 0.61309326])
('minibatch Accuracy (i, batch number)', 1, 850, [0.34541818, 0.65631, 0.6165333])
('Accuracy', 1, 'Test', array([0.37029999]), 'Train', array([0.35640001]))
('minibatch Accuracy (i, batch number)', 2, 50, [0.33203638, 0.64723784, 0.61469644])
('minibatch Accuracy (i, batch number)', 2, 100, [0.3432, 0.6269747, 0.61608875])
('minibatch Accuracy (i, batch number)', 2, 150, [0.35154545, 0.6082089, 0.61433977])
('minibatch Accuracy (i, batch number)', 2, 200, [0.3662, 0.59075576, 0.61638016])
('minibatch Accuracy (i, batch number)', 2, 250, [0.36227274, 0.58598936, 0.61327374])
('minibatch Accuracy (i, batch number)', 2, 300, [0.37136364, 0.5695703, 0.6153705])
('minibatch Accuracy (i, batch number)', 2, 350, [0.3513091, 0.5581781, 0.61608])
('minibatch Accuracy (i, batch number)', 2, 400, [0.37261817, 0.5565631, 0.6166495])
('minibatch Accuracy (i, batch number)', 2, 450, [0.35756364, 0.54235035, 0.6175652])
('minibatch Accuracy (i, batch number)', 2, 500, [0.35963637, 0.52726644, 0.61704695])
('minibatch Accuracy (i, batch number)', 2, 550, [0.37141818, 0.5215537, 0.618454])
('minibatch Accuracy (i, batch number)', 2, 600, [0.3651091, 0.51789856, 0.61696607])
('minibatch Accuracy (i, batch number)', 2, 650, [0.35765454, 0.50886416, 0.61819386])
('minibatch Accuracy (i, batch number)', 2, 700, [0.37129092, 0.50369936, 0.61772996])
('minibatch Accuracy (i, batch number)', 2, 750, [0.36854544, 0.5062858, 0.6200114])
('minibatch Accuracy (i, batch number)', 2, 800, [0.35434544, 0.48870337, 0.62157315])
('minibatch Accuracy (i, batch number)', 2, 850, [0.37521818, 0.49739724, 0.6167038])
('Accuracy', 2, 'Test', array([0.3547]), 'Train', array([0.34001818]))
('minibatch Accuracy (i, batch number)', 3, 50, [0.35334545, 0.48263893, 0.6191997])
('minibatch Accuracy (i, batch number)', 3, 100, [0.37321818, 0.4798236, 0.62062943])
('minibatch Accuracy (i, batch number)', 3, 150, [0.34898183, 0.46884724, 0.6214545])
('minibatch Accuracy (i, batch number)', 3, 200, [0.3523273, 0.46341783, 0.6213435])
('minibatch Accuracy (i, batch number)', 3, 250, [0.38016364, 0.49003023, 0.61786973])
('minibatch Accuracy (i, batch number)', 3, 300, [0.37010908, 0.45593697, 0.6211886])
('minibatch Accuracy (i, batch number)', 3, 350, [0.3576, 0.45182085, 0.6228495])
('minibatch Accuracy (i, batch number)', 3, 400, [0.3553091, 0.44463262, 0.6211297])
('minibatch Accuracy (i, batch number)', 3, 450, [0.35392728, 0.43737668, 0.62455624])
('minibatch Accuracy (i, batch number)', 3, 500, [0.34289092, 0.4349584, 0.62645435])
('minibatch Accuracy (i, batch number)', 3, 550, [0.37087274, 0.4346864, 0.6204516])
('minibatch Accuracy (i, batch number)', 3, 600, [0.33123636, 0.43048048, 0.62313193])
('minibatch Accuracy (i, batch number)', 3, 650, [0.34194547, 0.42160362, 0.6238551])
('minibatch Accuracy (i, batch number)', 3, 700, [0.35116363, 0.41816956, 0.6248181])
('minibatch Accuracy (i, batch number)', 3, 750, [0.35656363, 0.42217848, 0.62105703])
('minibatch Accuracy (i, batch number)', 3, 800, [0.34934545, 0.4075264, 0.625367])
('minibatch Accuracy (i, batch number)', 3, 850, [0.3508, 0.4037988, 0.62310416])
('Accuracy', 3, 'Test', array([0.37729999]), 'Train', array([0.36412728]))
('minibatch Accuracy (i, batch number)', 4, 50, [0.36085454, 0.40443218, 0.62470984])
('minibatch Accuracy (i, batch number)', 4, 100, [0.3513818, 0.39950553, 0.6239805])
('minibatch Accuracy (i, batch number)', 4, 150, [0.36327273, 0.39089262, 0.6211424])
('minibatch Accuracy (i, batch number)', 4, 200, [0.35716364, 0.39008605, 0.6232212])
('minibatch Accuracy (i, batch number)', 4, 250, [0.35165456, 0.3968021, 0.62616754])
('minibatch Accuracy (i, batch number)', 4, 300, [0.36736363, 0.380662, 0.6246787])
('minibatch Accuracy (i, batch number)', 4, 350, [0.3614909, 0.3789708, 0.62467754])
('minibatch Accuracy (i, batch number)', 4, 400, [0.3551091, 0.3920395, 0.6235654])
('minibatch Accuracy (i, batch number)', 4, 450, [0.35476363, 0.3823737, 0.62495744])
('minibatch Accuracy (i, batch number)', 4, 500, [0.36774546, 0.37237272, 0.62581015])
('minibatch Accuracy (i, batch number)', 4, 550, [0.35243636, 0.36733317, 0.623013])
('minibatch Accuracy (i, batch number)', 4, 600, [0.36618182, 0.35927653, 0.6229462])
('minibatch Accuracy (i, batch number)', 4, 650, [0.3765091, 0.3612994, 0.6194053])
('minibatch Accuracy (i, batch number)', 4, 700, [0.36374545, 0.3567388, 0.6234163])
('minibatch Accuracy (i, batch number)', 4, 750, [0.3722909, 0.34986708, 0.62229854])
('minibatch Accuracy (i, batch number)', 4, 800, [0.36696362, 0.34964052, 0.6228312])
('minibatch Accuracy (i, batch number)', 4, 850, [0.38201818, 0.35639393, 0.62259185])
('Accuracy', 4, 'Test', array([0.40169999]), 'Train', array([0.38732728]))
('minibatch Accuracy (i, batch number)', 5, 50, [0.36492726, 0.35706273, 0.6259364])
('minibatch Accuracy (i, batch number)', 5, 100, [0.38023636, 0.3389258, 0.62207156])
('minibatch Accuracy (i, batch number)', 5, 150, [0.37754545, 0.3529499, 0.6227659])
('minibatch Accuracy (i, batch number)', 5, 200, [0.3574909, 0.36075354, 0.6263956])
('minibatch Accuracy (i, batch number)', 5, 250, [0.36343637, 0.33240026, 0.62838715])
('minibatch Accuracy (i, batch number)', 5, 300, [0.37567273, 0.33360356, 0.6244088])
('minibatch Accuracy (i, batch number)', 5, 350, [0.36892727, 0.34545195, 0.6254398])
('minibatch Accuracy (i, batch number)', 5, 400, [0.37867272, 0.34096456, 0.62180555])
('minibatch Accuracy (i, batch number)', 5, 450, [0.37996364, 0.32429674, 0.62622356])
('minibatch Accuracy (i, batch number)', 5, 500, [0.38365453, 0.32369208, 0.62620395])
('minibatch Accuracy (i, batch number)', 5, 550, [0.37943637, 0.32413235, 0.62566763])
('minibatch Accuracy (i, batch number)', 5, 600, [0.37892726, 0.31475803, 0.6255566])
('minibatch Accuracy (i, batch number)', 5, 650, [0.3486909, 0.34127176, 0.62526435])
('minibatch Accuracy (i, batch number)', 5, 700, [0.36725456, 0.32565734, 0.6224748])
('minibatch Accuracy (i, batch number)', 5, 750, [0.36432728, 0.31237122, 0.6270537])
('minibatch Accuracy (i, batch number)', 5, 800, [0.3777091, 0.3185345, 0.62179875])
('minibatch Accuracy (i, batch number)', 5, 850, [0.35341817, 0.32500842, 0.62794673])
('Accuracy', 5, 'Test', array([0.37970001]), 'Train', array([0.36636364]))
('minibatch Accuracy (i, batch number)', 6, 50, [0.3652182, 0.30274898, 0.6271269])
('minibatch Accuracy (i, batch number)', 6, 100, [0.38485456, 0.30962172, 0.6237911])
('minibatch Accuracy (i, batch number)', 6, 150, [0.36183637, 0.31383145, 0.62950206])
('minibatch Accuracy (i, batch number)', 6, 200, [0.36429092, 0.29993656, 0.6266295])
('minibatch Accuracy (i, batch number)', 6, 250, [0.36630908, 0.297521, 0.62622094])
('minibatch Accuracy (i, batch number)', 6, 300, [0.37501818, 0.30319235, 0.62618554])
('minibatch Accuracy (i, batch number)', 6, 350, [0.3659091, 0.30082697, 0.6268345])
('minibatch Accuracy (i, batch number)', 6, 400, [0.38043636, 0.31336385, 0.62661666])
('minibatch Accuracy (i, batch number)', 6, 450, [0.37907273, 0.29996854, 0.6282288])
('minibatch Accuracy (i, batch number)', 6, 500, [0.38681817, 0.3117279, 0.6282361])
('minibatch Accuracy (i, batch number)', 6, 550, [0.3706182, 0.27776644, 0.6292598])
('minibatch Accuracy (i, batch number)', 6, 600, [0.36663637, 0.292553, 0.62946886])
('minibatch Accuracy (i, batch number)', 6, 650, [0.36901817, 0.28357503, 0.62590677])
('minibatch Accuracy (i, batch number)', 6, 700, [0.3802, 0.29335922, 0.6319858])
('minibatch Accuracy (i, batch number)', 6, 750, [0.3838, 0.2730256, 0.62882507])
('minibatch Accuracy (i, batch number)', 6, 800, [0.36696362, 0.26988414, 0.62764645])
('minibatch Accuracy (i, batch number)', 6, 850, [0.38325456, 0.2686107, 0.62586194])
('Accuracy', 6, 'Test', array([0.4034]), 'Train', array([0.38834545]))
('minibatch Accuracy (i, batch number)', 7, 50, [0.37172726, 0.27694649, 0.6310115])
('minibatch Accuracy (i, batch number)', 7, 100, [0.3932909, 0.27245173, 0.62593377])
('minibatch Accuracy (i, batch number)', 7, 150, [0.37794545, 0.2662337, 0.6238471])
('minibatch Accuracy (i, batch number)', 7, 200, [0.37367272, 0.25893393, 0.62726414])
('minibatch Accuracy (i, batch number)', 7, 250, [0.37036362, 0.26835984, 0.63186336])
('minibatch Accuracy (i, batch number)', 7, 300, [0.37649092, 0.25769573, 0.6301193])
('minibatch Accuracy (i, batch number)', 7, 350, [0.37496364, 0.2617478, 0.6300738])
('minibatch Accuracy (i, batch number)', 7, 400, [0.37107274, 0.25699487, 0.6297987])
('minibatch Accuracy (i, batch number)', 7, 450, [0.37492728, 0.27428597, 0.6347789])
('minibatch Accuracy (i, batch number)', 7, 500, [0.38058183, 0.26156345, 0.63279116])
('minibatch Accuracy (i, batch number)', 7, 550, [0.37672728, 0.2589875, 0.6331137])
('minibatch Accuracy (i, batch number)', 7, 600, [0.37467274, 0.26726687, 0.6307066])
('minibatch Accuracy (i, batch number)', 7, 650, [0.36063635, 0.24907815, 0.6335054])
('minibatch Accuracy (i, batch number)', 7, 700, [0.38243636, 0.24779387, 0.63330257])
('minibatch Accuracy (i, batch number)', 7, 750, [0.38654545, 0.2665945, 0.629758])
('minibatch Accuracy (i, batch number)', 7, 800, [0.3795091, 0.23967728, 0.631462])
('minibatch Accuracy (i, batch number)', 7, 850, [0.38932726, 0.23780344, 0.63239074])
('Accuracy', 7, 'Test', array([0.39610001]), 'Train', array([0.38196364]))
('minibatch Accuracy (i, batch number)', 8, 50, [0.38696364, 0.23949797, 0.63002646])
('minibatch Accuracy (i, batch number)', 8, 100, [0.37836364, 0.24024163, 0.63508815])
('minibatch Accuracy (i, batch number)', 8, 150, [0.38454545, 0.26163253, 0.6354323])
('minibatch Accuracy (i, batch number)', 8, 200, [0.36465454, 0.24742252, 0.63301617])
('minibatch Accuracy (i, batch number)', 8, 250, [0.37478182, 0.26833016, 0.63295484])
('minibatch Accuracy (i, batch number)', 8, 300, [0.3756, 0.23125935, 0.63331264])
('minibatch Accuracy (i, batch number)', 8, 350, [0.371, 0.24307494, 0.6357339])
('minibatch Accuracy (i, batch number)', 8, 400, [0.38078183, 0.23090464, 0.63333553])
('minibatch Accuracy (i, batch number)', 8, 450, [0.39072728, 0.22686654, 0.6302709])
('minibatch Accuracy (i, batch number)', 8, 500, [0.38930908, 0.26844737, 0.6375972])
('minibatch Accuracy (i, batch number)', 8, 550, [0.38925454, 0.26624453, 0.63392764])
('minibatch Accuracy (i, batch number)', 8, 600, [0.38114545, 0.22309314, 0.6314347])
('minibatch Accuracy (i, batch number)', 8, 650, [0.3657818, 0.23331316, 0.6354865])
('minibatch Accuracy (i, batch number)', 8, 700, [0.3742182, 0.2186371, 0.63462025])
('minibatch Accuracy (i, batch number)', 8, 750, [0.39147273, 0.22367933, 0.6348963])
('minibatch Accuracy (i, batch number)', 8, 800, [0.38134545, 0.21677235, 0.63656867])
('minibatch Accuracy (i, batch number)', 8, 850, [0.36103636, 0.25130814, 0.63906723])
('Accuracy', 8, 'Test', array([0.4082]), 'Train', array([0.39363638]))
('minibatch Accuracy (i, batch number)', 9, 50, [0.36983636, 0.21795021, 0.6386328])
('minibatch Accuracy (i, batch number)', 9, 100, [0.39692727, 0.24543, 0.6330115])
('minibatch Accuracy (i, batch number)', 9, 150, [0.38394547, 0.21288322, 0.6326494])
('minibatch Accuracy (i, batch number)', 9, 200, [0.3863818, 0.21270715, 0.63770753])
('minibatch Accuracy (i, batch number)', 9, 250, [0.37214544, 0.21433687, 0.63795716])
('minibatch Accuracy (i, batch number)', 9, 300, [0.38523635, 0.21002747, 0.6389871])
('minibatch Accuracy (i, batch number)', 9, 350, [0.37552726, 0.23144022, 0.63609016])
('minibatch Accuracy (i, batch number)', 9, 400, [0.3831091, 0.21482386, 0.640267])
('minibatch Accuracy (i, batch number)', 9, 450, [0.36603636, 0.222664, 0.63902617])
('minibatch Accuracy (i, batch number)', 9, 500, [0.3648909, 0.21254641, 0.63730824])
('minibatch Accuracy (i, batch number)', 9, 550, [0.3832, 0.2075102, 0.63446915])
('minibatch Accuracy (i, batch number)', 9, 600, [0.3952182, 0.20268217, 0.63644874])
('minibatch Accuracy (i, batch number)', 9, 650, [0.39085454, 0.20655167, 0.63544005])
('minibatch Accuracy (i, batch number)', 9, 700, [0.3743818, 0.2133075, 0.63892996])
('minibatch Accuracy (i, batch number)', 9, 750, [0.39103636, 0.20231117, 0.6384785])
('minibatch Accuracy (i, batch number)', 9, 800, [0.38583636, 0.19984618, 0.6371707])
('minibatch Accuracy (i, batch number)', 9, 850, [0.3790182, 0.1982068, 0.63719636])
('Accuracy', 9, 'Test', array([0.39120001]), 'Train', array([0.37645453]))
('minibatch Accuracy (i, batch number)', 10, 50, [0.4031091, 0.21951205, 0.6384545])
('minibatch Accuracy (i, batch number)', 10, 100, [0.39003637, 0.19292843, 0.6403122])
('minibatch Accuracy (i, batch number)', 10, 150, [0.3903091, 0.21486698, 0.64170736])
('minibatch Accuracy (i, batch number)', 10, 200, [0.39794546, 0.19818147, 0.63955575])
('minibatch Accuracy (i, batch number)', 10, 250, [0.3915091, 0.20670925, 0.6392615])
('minibatch Accuracy (i, batch number)', 10, 300, [0.3852, 0.21883945, 0.63834286])
('minibatch Accuracy (i, batch number)', 10, 350, [0.40243638, 0.1970052, 0.64016235])
('minibatch Accuracy (i, batch number)', 10, 400, [0.39207274, 0.19097261, 0.6426716])
('minibatch Accuracy (i, batch number)', 10, 450, [0.3675091, 0.20016819, 0.6425653])
('minibatch Accuracy (i, batch number)', 10, 500, [0.37425455, 0.19426927, 0.64123213])
('minibatch Accuracy (i, batch number)', 10, 550, [0.38181818, 0.19396587, 0.64006126])
('minibatch Accuracy (i, batch number)', 10, 600, [0.37323636, 0.18993387, 0.6456797])
('minibatch Accuracy (i, batch number)', 10, 650, [0.38236365, 0.1834578, 0.6404616])
('minibatch Accuracy (i, batch number)', 10, 700, [0.37052727, 0.19984293, 0.64282936])
('minibatch Accuracy (i, batch number)', 10, 750, [0.37734544, 0.18650083, 0.6398672])
('minibatch Accuracy (i, batch number)', 10, 800, [0.38689092, 0.18388116, 0.64117336])
('minibatch Accuracy (i, batch number)', 10, 850, [0.38076365, 0.18949002, 0.6411963])
('Accuracy', 10, 'Test', array([0.3872]), 'Train', array([0.37441817]))
('minibatch Accuracy (i, batch number)', 11, 50, [0.3660727, 0.18345645, 0.6441095])
('minibatch Accuracy (i, batch number)', 11, 100, [0.37354547, 0.18619983, 0.64180297])
('minibatch Accuracy (i, batch number)', 11, 150, [0.37354547, 0.19505776, 0.63959026])
('minibatch Accuracy (i, batch number)', 11, 200, [0.37223637, 0.18380873, 0.6416331])
('minibatch Accuracy (i, batch number)', 11, 250, [0.38092726, 0.17877476, 0.63998413])
('minibatch Accuracy (i, batch number)', 11, 300, [0.3906, 0.18134296, 0.641367])
('minibatch Accuracy (i, batch number)', 11, 350, [0.3898, 0.18676962, 0.6436593])
('minibatch Accuracy (i, batch number)', 11, 400, [0.3912182, 0.1858452, 0.6420364])
('minibatch Accuracy (i, batch number)', 11, 450, [0.38794544, 0.17328309, 0.6414893])
('minibatch Accuracy (i, batch number)', 11, 500, [0.3702, 0.18574092, 0.6467619])
('minibatch Accuracy (i, batch number)', 11, 550, [0.3800727, 0.17111745, 0.6444382])
('minibatch Accuracy (i, batch number)', 11, 600, [0.37167272, 0.17790854, 0.6480709])
('minibatch Accuracy (i, batch number)', 11, 650, [0.37974545, 0.17623724, 0.6467279])
('minibatch Accuracy (i, batch number)', 11, 700, [0.38189092, 0.17015506, 0.6434716])
('minibatch Accuracy (i, batch number)', 11, 750, [0.40154546, 0.18553375, 0.64349216])
('minibatch Accuracy (i, batch number)', 11, 800, [0.39781818, 0.17730899, 0.6458194])
('minibatch Accuracy (i, batch number)', 11, 850, [0.37285453, 0.16785316, 0.6477222])
('Accuracy', 11, 'Test', array([0.39770001]), 'Train', array([0.38372728]))
('minibatch Accuracy (i, batch number)', 12, 50, [0.38305455, 0.17266364, 0.6457861])
('minibatch Accuracy (i, batch number)', 12, 100, [0.39578182, 0.17412694, 0.6420897])
('minibatch Accuracy (i, batch number)', 12, 150, [0.40641817, 0.17179848, 0.6463381])
('minibatch Accuracy (i, batch number)', 12, 200, [0.39787272, 0.16522732, 0.64680225])
('minibatch Accuracy (i, batch number)', 12, 250, [0.39694545, 0.16943629, 0.64578766])
('minibatch Accuracy (i, batch number)', 12, 300, [0.38741818, 0.16492216, 0.6464501])
('minibatch Accuracy (i, batch number)', 12, 350, [0.393, 0.17284049, 0.64689523])
('minibatch Accuracy (i, batch number)', 12, 400, [0.37732726, 0.16829677, 0.64730597])
('minibatch Accuracy (i, batch number)', 12, 450, [0.38105455, 0.1775239, 0.644784])
('minibatch Accuracy (i, batch number)', 12, 500, [0.38525453, 0.16247359, 0.6501944])
('minibatch Accuracy (i, batch number)', 12, 550, [0.38056365, 0.16532484, 0.64798343])
('minibatch Accuracy (i, batch number)', 12, 600, [0.3882, 0.17061126, 0.6508474])
('minibatch Accuracy (i, batch number)', 12, 650, [0.37998182, 0.16982868, 0.64770347])
('minibatch Accuracy (i, batch number)', 12, 700, [0.36665455, 0.16416149, 0.6493769])
('minibatch Accuracy (i, batch number)', 12, 750, [0.39454547, 0.16614124, 0.64522845])
('minibatch Accuracy (i, batch number)', 12, 800, [0.37527272, 0.15855974, 0.64740026])
('minibatch Accuracy (i, batch number)', 12, 850, [0.37481818, 0.15986131, 0.653817])
('Accuracy', 12, 'Test', array([0.38600001]), 'Train', array([0.37305453]))
('minibatch Accuracy (i, batch number)', 13, 50, [0.38558182, 0.16205528, 0.65218395])
('minibatch Accuracy (i, batch number)', 13, 100, [0.3882909, 0.16264899, 0.6515518])
('minibatch Accuracy (i, batch number)', 13, 150, [0.38018182, 0.15934381, 0.650332])
('minibatch Accuracy (i, batch number)', 13, 200, [0.39454547, 0.1639187, 0.64884025])
('minibatch Accuracy (i, batch number)', 13, 250, [0.38076365, 0.1554585, 0.65144193])
('minibatch Accuracy (i, batch number)', 13, 300, [0.3752, 0.15692067, 0.65171236])
('minibatch Accuracy (i, batch number)', 13, 350, [0.38263637, 0.15458468, 0.654383])
('minibatch Accuracy (i, batch number)', 13, 400, [0.40434545, 0.15589447, 0.6479608])
('minibatch Accuracy (i, batch number)', 13, 450, [0.38676363, 0.15493906, 0.6508889])
('minibatch Accuracy (i, batch number)', 13, 500, [0.40752727, 0.16260923, 0.6499985])
('minibatch Accuracy (i, batch number)', 13, 550, [0.4077818, 0.1562264, 0.6515558])
('minibatch Accuracy (i, batch number)', 13, 600, [0.3765091, 0.16449182, 0.6526333])
('minibatch Accuracy (i, batch number)', 13, 650, [0.3878909, 0.15220259, 0.6513873])
('minibatch Accuracy (i, batch number)', 13, 700, [0.40105453, 0.15318839, 0.6517832])
('minibatch Accuracy (i, batch number)', 13, 750, [0.39294547, 0.15866968, 0.651479])
('minibatch Accuracy (i, batch number)', 13, 800, [0.38178182, 0.14936946, 0.6523352])
('minibatch Accuracy (i, batch number)', 13, 850, [0.39110908, 0.15264244, 0.6493909])
('Accuracy', 13, 'Test', array([0.39230001]), 'Train', array([0.37783638]))
('minibatch Accuracy (i, batch number)', 14, 50, [0.3991818, 0.14933857, 0.64897585])
('minibatch Accuracy (i, batch number)', 14, 100, [0.38114545, 0.16664605, 0.651186])
('minibatch Accuracy (i, batch number)', 14, 150, [0.39623636, 0.14794856, 0.6519639])
('minibatch Accuracy (i, batch number)', 14, 200, [0.40601817, 0.15089116, 0.65063184])
('minibatch Accuracy (i, batch number)', 14, 250, [0.3899091, 0.1475455, 0.6523197])
('minibatch Accuracy (i, batch number)', 14, 300, [0.3869091, 0.1490809, 0.65141195])
('minibatch Accuracy (i, batch number)', 14, 350, [0.39407274, 0.14559565, 0.65284926])
('minibatch Accuracy (i, batch number)', 14, 400, [0.4004909, 0.1462376, 0.6510172])
('minibatch Accuracy (i, batch number)', 14, 450, [0.3991818, 0.14624615, 0.65238225])
('minibatch Accuracy (i, batch number)', 14, 500, [0.39758182, 0.14603916, 0.6535642])
('minibatch Accuracy (i, batch number)', 14, 550, [0.39536363, 0.16124438, 0.65480804])
('minibatch Accuracy (i, batch number)', 14, 600, [0.38634545, 0.14595897, 0.65350485])
('minibatch Accuracy (i, batch number)', 14, 650, [0.38529092, 0.14077799, 0.6533867])
('minibatch Accuracy (i, batch number)', 14, 700, [0.37969092, 0.14567003, 0.65286624])
('minibatch Accuracy (i, batch number)', 14, 750, [0.3810182, 0.14024557, 0.6530312])
('minibatch Accuracy (i, batch number)', 14, 800, [0.39156362, 0.14708985, 0.65361273])
('minibatch Accuracy (i, batch number)', 14, 850, [0.37892726, 0.14435346, 0.65525687])
('Accuracy', 14, 'Test', array([0.38209999]), 'Train', array([0.36696362]))
('minibatch Accuracy (i, batch number)', 15, 50, [0.36885455, 0.14212571, 0.65791243])
('minibatch Accuracy (i, batch number)', 15, 100, [0.40312728, 0.1411289, 0.65466607])
('minibatch Accuracy (i, batch number)', 15, 150, [0.3860182, 0.14392461, 0.65487665])
('minibatch Accuracy (i, batch number)', 15, 200, [0.391, 0.14527239, 0.65614897])
('minibatch Accuracy (i, batch number)', 15, 250, [0.37105456, 0.13834779, 0.6571038])
('minibatch Accuracy (i, batch number)', 15, 300, [0.38912728, 0.1410595, 0.655607])
('minibatch Accuracy (i, batch number)', 15, 350, [0.3876909, 0.14091963, 0.65719944])
('minibatch Accuracy (i, batch number)', 15, 400, [0.37652728, 0.1420426, 0.65613383])
('minibatch Accuracy (i, batch number)', 15, 450, [0.39043635, 0.15482478, 0.6539512])
('minibatch Accuracy (i, batch number)', 15, 500, [0.37725455, 0.13914028, 0.656983])
('minibatch Accuracy (i, batch number)', 15, 550, [0.37772727, 0.140416, 0.65914685])
('minibatch Accuracy (i, batch number)', 15, 600, [0.40076363, 0.13926338, 0.6621121])
('minibatch Accuracy (i, batch number)', 15, 650, [0.40405455, 0.14070895, 0.6548005])
('minibatch Accuracy (i, batch number)', 15, 700, [0.3951091, 0.15502176, 0.65754807])
('minibatch Accuracy (i, batch number)', 15, 750, [0.39310908, 0.13433477, 0.65846384])
('minibatch Accuracy (i, batch number)', 15, 800, [0.39667273, 0.13186727, 0.65990084])
('minibatch Accuracy (i, batch number)', 15, 850, [0.38705453, 0.14812088, 0.6575801])
('Accuracy', 15, 'Test', array([0.42230001]), 'Train', array([0.40489089]))
('minibatch Accuracy (i, batch number)', 16, 50, [0.39732727, 0.13435699, 0.6566137])
('minibatch Accuracy (i, batch number)', 16, 100, [0.396, 0.14491417, 0.6555647])
('minibatch Accuracy (i, batch number)', 16, 150, [0.40518183, 0.13835019, 0.65715605])
('minibatch Accuracy (i, batch number)', 16, 200, [0.4051273, 0.14663714, 0.6567487])
('minibatch Accuracy (i, batch number)', 16, 250, [0.40067273, 0.14081332, 0.6565549])
('minibatch Accuracy (i, batch number)', 16, 300, [0.3824, 0.12586369, 0.65860814])
('minibatch Accuracy (i, batch number)', 16, 350, [0.38250908, 0.13329972, 0.66118544])
('minibatch Accuracy (i, batch number)', 16, 400, [0.37934545, 0.12967375, 0.658167])
('minibatch Accuracy (i, batch number)', 16, 450, [0.39367273, 0.13161534, 0.658466])
('minibatch Accuracy (i, batch number)', 16, 500, [0.38996363, 0.12902768, 0.659807])
('minibatch Accuracy (i, batch number)', 16, 550, [0.38932726, 0.12506136, 0.66173023])
('minibatch Accuracy (i, batch number)', 16, 600, [0.39721817, 0.13504939, 0.6600971])
('minibatch Accuracy (i, batch number)', 16, 650, [0.39416364, 0.12994719, 0.6614965])
('minibatch Accuracy (i, batch number)', 16, 700, [0.3883818, 0.12894113, 0.65826744])
('minibatch Accuracy (i, batch number)', 16, 750, [0.38032728, 0.12815954, 0.6617281])
('minibatch Accuracy (i, batch number)', 16, 800, [0.38038182, 0.12527975, 0.66067773])
('minibatch Accuracy (i, batch number)', 16, 850, [0.38721818, 0.12736075, 0.66204506])
('Accuracy', 16, 'Test', array([0.40799999]), 'Train', array([0.39387274]))
('minibatch Accuracy (i, batch number)', 17, 50, [0.3901818, 0.128292, 0.6636736])
('minibatch Accuracy (i, batch number)', 17, 100, [0.41643637, 0.12884748, 0.663638])
('minibatch Accuracy (i, batch number)', 17, 150, [0.3881818, 0.13358894, 0.6619015])
('minibatch Accuracy (i, batch number)', 17, 200, [0.38285455, 0.13317606, 0.6607412])
('minibatch Accuracy (i, batch number)', 17, 250, [0.39012727, 0.13436529, 0.6609008])
('minibatch Accuracy (i, batch number)', 17, 300, [0.36078182, 0.15107228, 0.66444826])
('minibatch Accuracy (i, batch number)', 17, 350, [0.3812909, 0.14312847, 0.6593092])
('minibatch Accuracy (i, batch number)', 17, 400, [0.37776363, 0.12282599, 0.66444993])
('minibatch Accuracy (i, batch number)', 17, 450, [0.3872, 0.12969683, 0.6649113])
('minibatch Accuracy (i, batch number)', 17, 500, [0.3759091, 0.12243882, 0.66307485])
('minibatch Accuracy (i, batch number)', 17, 550, [0.38358182, 0.12863052, 0.6636816])
('minibatch Accuracy (i, batch number)', 17, 600, [0.38623637, 0.123586886, 0.66265213])
('minibatch Accuracy (i, batch number)', 17, 650, [0.38978183, 0.12211483, 0.6632424])
('minibatch Accuracy (i, batch number)', 17, 700, [0.39614546, 0.12160216, 0.66334957])
('minibatch Accuracy (i, batch number)', 17, 750, [0.3996, 0.12297201, 0.6641828])
('minibatch Accuracy (i, batch number)', 17, 800, [0.40285453, 0.1259169, 0.6625115])
('minibatch Accuracy (i, batch number)', 17, 850, [0.39232728, 0.13175978, 0.6620503])
('Accuracy', 17, 'Test', array([0.41229999]), 'Train', array([0.39501819]))
('minibatch Accuracy (i, batch number)', 18, 50, [0.39245453, 0.1321983, 0.6664973])
('minibatch Accuracy (i, batch number)', 18, 100, [0.39565456, 0.13038278, 0.6613538])
('minibatch Accuracy (i, batch number)', 18, 150, [0.40858182, 0.13300796, 0.6601867])
('minibatch Accuracy (i, batch number)', 18, 200, [0.38996363, 0.12309112, 0.66237867])
('minibatch Accuracy (i, batch number)', 18, 250, [0.3984909, 0.12130323, 0.66326445])
('minibatch Accuracy (i, batch number)', 18, 300, [0.39174545, 0.123087406, 0.6632201])
('minibatch Accuracy (i, batch number)', 18, 350, [0.3955091, 0.11594823, 0.6632187])
('minibatch Accuracy (i, batch number)', 18, 400, [0.387, 0.1151591, 0.6661067])
('minibatch Accuracy (i, batch number)', 18, 450, [0.38412726, 0.13915037, 0.6651585])
('minibatch Accuracy (i, batch number)', 18, 500, [0.3810909, 0.12380708, 0.66517645])
('minibatch Accuracy (i, batch number)', 18, 550, [0.38996363, 0.11915639, 0.6640733])
('minibatch Accuracy (i, batch number)', 18, 600, [0.38156363, 0.120813675, 0.6652103])
('minibatch Accuracy (i, batch number)', 18, 650, [0.3830909, 0.115307994, 0.6649145])
('minibatch Accuracy (i, batch number)', 18, 700, [0.40672728, 0.12259614, 0.6649954])
('minibatch Accuracy (i, batch number)', 18, 750, [0.39474547, 0.11448846, 0.6674906])
('minibatch Accuracy (i, batch number)', 18, 800, [0.38676363, 0.12430968, 0.6689705])
('minibatch Accuracy (i, batch number)', 18, 850, [0.40283635, 0.11405519, 0.6674438])
('Accuracy', 18, 'Test', array([0.41409999]), 'Train', array([0.40096363]))
('minibatch Accuracy (i, batch number)', 19, 50, [0.3988909, 0.11321774, 0.6654669])
('minibatch Accuracy (i, batch number)', 19, 100, [0.37834546, 0.11998631, 0.6700842])
('minibatch Accuracy (i, batch number)', 19, 150, [0.398, 0.12191799, 0.6676019])
('minibatch Accuracy (i, batch number)', 19, 200, [0.394, 0.11119777, 0.6670922])
('minibatch Accuracy (i, batch number)', 19, 250, [0.4155091, 0.11743338, 0.66727364])
('minibatch Accuracy (i, batch number)', 19, 300, [0.39516363, 0.121458724, 0.66864204])
('minibatch Accuracy (i, batch number)', 19, 350, [0.40596363, 0.11769342, 0.6668509])
('minibatch Accuracy (i, batch number)', 19, 400, [0.3886, 0.11697685, 0.6693634])
('minibatch Accuracy (i, batch number)', 19, 450, [0.38494545, 0.12328943, 0.67058516])
('minibatch Accuracy (i, batch number)', 19, 500, [0.37992728, 0.11296046, 0.66870624])
('minibatch Accuracy (i, batch number)', 19, 550, [0.3952182, 0.11792969, 0.6697359])
('minibatch Accuracy (i, batch number)', 19, 600, [0.38212729, 0.115909286, 0.66989905])
('minibatch Accuracy (i, batch number)', 19, 650, [0.3822909, 0.10913228, 0.66927975])
('minibatch Accuracy (i, batch number)', 19, 700, [0.38625455, 0.10953299, 0.66951764])
('minibatch Accuracy (i, batch number)', 19, 750, [0.40596363, 0.11586818, 0.66985685])
('minibatch Accuracy (i, batch number)', 19, 800, [0.3796, 0.10835896, 0.6698187])
('minibatch Accuracy (i, batch number)', 19, 850, [0.3966182, 0.13016625, 0.66602105])
('Accuracy', 19, 'Test', array([0.39449999]), 'Train', array([0.37770909]))
('minibatch Accuracy (i, batch number)', 20, 50, [0.3817091, 0.10414299, 0.66985184])
('minibatch Accuracy (i, batch number)', 20, 100, [0.38592726, 0.11044921, 0.6689607])
('minibatch Accuracy (i, batch number)', 20, 150, [0.37516364, 0.12968113, 0.67179364])
('minibatch Accuracy (i, batch number)', 20, 200, [0.39054546, 0.10879813, 0.6700754])
('minibatch Accuracy (i, batch number)', 20, 250, [0.38845456, 0.112653494, 0.6696164])
('minibatch Accuracy (i, batch number)', 20, 300, [0.3844909, 0.12111482, 0.66786987])
('minibatch Accuracy (i, batch number)', 20, 350, [0.39903638, 0.11078474, 0.66931075])
('minibatch Accuracy (i, batch number)', 20, 400, [0.38250908, 0.1112278, 0.6714339])
('minibatch Accuracy (i, batch number)', 20, 450, [0.39834544, 0.107668884, 0.6734912])
('minibatch Accuracy (i, batch number)', 20, 500, [0.40681818, 0.1163481, 0.67247313])
('minibatch Accuracy (i, batch number)', 20, 550, [0.39721817, 0.111732766, 0.6710778])
('minibatch Accuracy (i, batch number)', 20, 600, [0.3890909, 0.11661226, 0.6703182])
('minibatch Accuracy (i, batch number)', 20, 650, [0.3914182, 0.11439335, 0.6734823])
('minibatch Accuracy (i, batch number)', 20, 700, [0.39054546, 0.11379411, 0.6724967])
('minibatch Accuracy (i, batch number)', 20, 750, [0.36605453, 0.12272111, 0.6719807])
('minibatch Accuracy (i, batch number)', 20, 800, [0.38396364, 0.11308079, 0.67465234])
('minibatch Accuracy (i, batch number)', 20, 850, [0.3695091, 0.122110896, 0.6697159])
('Accuracy', 20, 'Test', array([0.40599999]), 'Train', array([0.38958183]))
('minibatch Accuracy (i, batch number)', 21, 50, [0.37796363, 0.10712955, 0.67066747])
('minibatch Accuracy (i, batch number)', 21, 100, [0.38521817, 0.10624645, 0.6758321])
('minibatch Accuracy (i, batch number)', 21, 150, [0.39154544, 0.1192489, 0.6742787])
('minibatch Accuracy (i, batch number)', 21, 200, [0.36752728, 0.10250855, 0.6720445])
('minibatch Accuracy (i, batch number)', 21, 250, [0.37156364, 0.10074092, 0.67216974])
('minibatch Accuracy (i, batch number)', 21, 300, [0.37781817, 0.10594796, 0.6713063])
('minibatch Accuracy (i, batch number)', 21, 350, [0.3691818, 0.10168772, 0.6745653])
('minibatch Accuracy (i, batch number)', 21, 400, [0.3756182, 0.105532385, 0.67223155])
('minibatch Accuracy (i, batch number)', 21, 450, [0.37365454, 0.10317161, 0.6731572])
('minibatch Accuracy (i, batch number)', 21, 500, [0.37776363, 0.11360124, 0.671316])
('minibatch Accuracy (i, batch number)', 21, 550, [0.37494546, 0.10980871, 0.67124057])
('minibatch Accuracy (i, batch number)', 21, 600, [0.3802909, 0.1084662, 0.6765883])
('minibatch Accuracy (i, batch number)', 21, 650, [0.39938182, 0.100943096, 0.6726234])
('minibatch Accuracy (i, batch number)', 21, 700, [0.3916909, 0.10905123, 0.67023396])
('minibatch Accuracy (i, batch number)', 21, 750, [0.39578182, 0.09996251, 0.6720447])
('minibatch Accuracy (i, batch number)', 21, 800, [0.3914182, 0.10443985, 0.67651355])
('minibatch Accuracy (i, batch number)', 21, 850, [0.38665456, 0.09764926, 0.67451465])
('Accuracy', 21, 'Test', array([0.40009999]), 'Train', array([0.38390908]))
('minibatch Accuracy (i, batch number)', 22, 50, [0.388, 0.09732958, 0.67563784])
('minibatch Accuracy (i, batch number)', 22, 100, [0.38787273, 0.106436305, 0.6750701])
('minibatch Accuracy (i, batch number)', 22, 150, [0.402, 0.11162577, 0.6746606])
('minibatch Accuracy (i, batch number)', 22, 200, [0.38656363, 0.10062669, 0.6741688])
('minibatch Accuracy (i, batch number)', 22, 250, [0.38285455, 0.105977565, 0.6731145])
('minibatch Accuracy (i, batch number)', 22, 300, [0.368, 0.1064411, 0.67391074])
('minibatch Accuracy (i, batch number)', 22, 350, [0.37634546, 0.09964643, 0.6775209])
('minibatch Accuracy (i, batch number)', 22, 400, [0.39278182, 0.098056264, 0.6758646])
('minibatch Accuracy (i, batch number)', 22, 450, [0.37101817, 0.10843354, 0.67748356])
('minibatch Accuracy (i, batch number)', 22, 500, [0.3669818, 0.11128354, 0.67931426])
('minibatch Accuracy (i, batch number)', 22, 550, [0.39238182, 0.10527268, 0.6785775])
('minibatch Accuracy (i, batch number)', 22, 600, [0.39201817, 0.101992644, 0.6824762])
('minibatch Accuracy (i, batch number)', 22, 650, [0.38934547, 0.09451473, 0.6786993])
('minibatch Accuracy (i, batch number)', 22, 700, [0.38050908, 0.10325687, 0.6793332])
('minibatch Accuracy (i, batch number)', 22, 750, [0.3842909, 0.10129271, 0.67884475])
('minibatch Accuracy (i, batch number)', 22, 800, [0.3977091, 0.10815578, 0.6804563])
('minibatch Accuracy (i, batch number)', 22, 850, [0.39723638, 0.11448501, 0.677217])
('Accuracy', 22, 'Test', array([0.39289999]), 'Train', array([0.37494546]))
('minibatch Accuracy (i, batch number)', 23, 50, [0.36483636, 0.111139484, 0.67922986])
('minibatch Accuracy (i, batch number)', 23, 100, [0.39065453, 0.094507076, 0.6768994])
('minibatch Accuracy (i, batch number)', 23, 150, [0.38438183, 0.09247112, 0.67754817])
('minibatch Accuracy (i, batch number)', 23, 200, [0.37887272, 0.09294279, 0.6786994])
('minibatch Accuracy (i, batch number)', 23, 250, [0.38523635, 0.094417706, 0.67953134])
('minibatch Accuracy (i, batch number)', 23, 300, [0.38205454, 0.0971738, 0.67828494])
('minibatch Accuracy (i, batch number)', 23, 350, [0.3907091, 0.09616634, 0.67882276])
('minibatch Accuracy (i, batch number)', 23, 400, [0.3845091, 0.104850315, 0.67978716])
('minibatch Accuracy (i, batch number)', 23, 450, [0.39125454, 0.09219442, 0.67747843])
('minibatch Accuracy (i, batch number)', 23, 500, [0.38401818, 0.09959622, 0.6768821])
('minibatch Accuracy (i, batch number)', 23, 550, [0.38018182, 0.09706114, 0.67843515])
('minibatch Accuracy (i, batch number)', 23, 600, [0.3684182, 0.0983662, 0.67959446])
('minibatch Accuracy (i, batch number)', 23, 650, [0.38136363, 0.095546216, 0.6788977])
('minibatch Accuracy (i, batch number)', 23, 700, [0.37825453, 0.11007935, 0.6786898])
('minibatch Accuracy (i, batch number)', 23, 750, [0.36938182, 0.105544716, 0.6806109])
('minibatch Accuracy (i, batch number)', 23, 800, [0.38307273, 0.12414303, 0.6784923])
('minibatch Accuracy (i, batch number)', 23, 850, [0.40196365, 0.098944426, 0.68146795])
('Accuracy', 23, 'Test', array([0.41569999]), 'Train', array([0.39841819]))
('minibatch Accuracy (i, batch number)', 24, 50, [0.38747272, 0.09235852, 0.68119633])
('minibatch Accuracy (i, batch number)', 24, 100, [0.3837091, 0.097114176, 0.6839665])
('minibatch Accuracy (i, batch number)', 24, 150, [0.39794546, 0.093495145, 0.68143404])
('minibatch Accuracy (i, batch number)', 24, 200, [0.4006, 0.09420467, 0.68281287])
('minibatch Accuracy (i, batch number)', 24, 250, [0.39347273, 0.098260954, 0.6821605])
('minibatch Accuracy (i, batch number)', 24, 300, [0.39267272, 0.09011778, 0.68372977])
('minibatch Accuracy (i, batch number)', 24, 350, [0.3875273, 0.09441659, 0.682894])
('minibatch Accuracy (i, batch number)', 24, 400, [0.37965456, 0.09910873, 0.68267244])
('minibatch Accuracy (i, batch number)', 24, 450, [0.3918909, 0.08735585, 0.68188447])
('minibatch Accuracy (i, batch number)', 24, 500, [0.3900182, 0.09190551, 0.6808667])
('minibatch Accuracy (i, batch number)', 24, 550, [0.3943091, 0.101256475, 0.6833976])
('minibatch Accuracy (i, batch number)', 24, 600, [0.3862, 0.09487049, 0.68698305])
('minibatch Accuracy (i, batch number)', 24, 650, [0.3813091, 0.096875414, 0.687886])
('minibatch Accuracy (i, batch number)', 24, 700, [0.38172728, 0.09230341, 0.684319])
('minibatch Accuracy (i, batch number)', 24, 750, [0.38912728, 0.09711627, 0.68558174])
('minibatch Accuracy (i, batch number)', 24, 800, [0.3872909, 0.090549245, 0.68552905])
('minibatch Accuracy (i, batch number)', 24, 850, [0.38983637, 0.08821445, 0.68474746])
('Accuracy', 24, 'Test', array([0.4025]), 'Train', array([0.38716364]))
