Extracting ../MNIST_data/train-images-idx3-ubyte.gz
Extracting ../MNIST_data/train-labels-idx1-ubyte.gz
Extracting ../MNIST_data/t10k-images-idx3-ubyte.gz
Extracting ../MNIST_data/t10k-labels-idx1-ubyte.gz
('Train', (55000, 784), 'Test', (10000, 784))
('Details', 'mnist_uni_noise_kappa_4_grad.csv', 'MNIST Grad -- New Framework', 100, 64, 25)
('minibatch Accuracy (i, batch number)', 0, 50, [0.10390909, 2.3698535])
('minibatch Accuracy (i, batch number)', 0, 100, [0.10390909, 2.3372939])
('minibatch Accuracy (i, batch number)', 0, 150, [0.11234546, 2.3179655])
('minibatch Accuracy (i, batch number)', 0, 200, [0.09916364, 2.3076544])
('minibatch Accuracy (i, batch number)', 0, 250, [0.09916364, 2.303683])
('minibatch Accuracy (i, batch number)', 0, 300, [0.11234546, 2.301724])
('minibatch Accuracy (i, batch number)', 0, 350, [0.11234546, 2.2989542])
('minibatch Accuracy (i, batch number)', 0, 400, [0.112381816, 2.2935932])
('minibatch Accuracy (i, batch number)', 0, 450, [0.16672727, 2.2638803])
('minibatch Accuracy (i, batch number)', 0, 500, [0.27194545, 2.1528833])
('minibatch Accuracy (i, batch number)', 0, 550, [0.38167274, 1.9665608])
('minibatch Accuracy (i, batch number)', 0, 600, [0.38305455, 1.8108531])
('minibatch Accuracy (i, batch number)', 0, 650, [0.43965456, 1.6959767])
('minibatch Accuracy (i, batch number)', 0, 700, [0.49992728, 1.5848131])
('minibatch Accuracy (i, batch number)', 0, 750, [0.55765456, 1.4709923])
('minibatch Accuracy (i, batch number)', 0, 800, [0.64196366, 1.3597085])
('minibatch Accuracy (i, batch number)', 0, 850, [0.65476364, 1.2681785])
('Accuracy', 0, 'Test', array([0.66049999]), 'Train', array([0.65749091]))
('minibatch Accuracy (i, batch number)', 1, 50, [0.685, 1.1749629])
('minibatch Accuracy (i, batch number)', 1, 100, [0.7102, 1.1070948])
('minibatch Accuracy (i, batch number)', 1, 150, [0.72696364, 1.0435205])
('minibatch Accuracy (i, batch number)', 1, 200, [0.7573091, 0.9813392])
('minibatch Accuracy (i, batch number)', 1, 250, [0.7742909, 0.92297244])
('minibatch Accuracy (i, batch number)', 1, 300, [0.7903818, 0.86866295])
('minibatch Accuracy (i, batch number)', 1, 350, [0.8075455, 0.8193927])
('minibatch Accuracy (i, batch number)', 1, 400, [0.8213091, 0.7765796])
('minibatch Accuracy (i, batch number)', 1, 450, [0.8297455, 0.73718154])
('minibatch Accuracy (i, batch number)', 1, 500, [0.83254546, 0.70081395])
('minibatch Accuracy (i, batch number)', 1, 550, [0.8415091, 0.6675349])
('minibatch Accuracy (i, batch number)', 1, 600, [0.8479273, 0.6380764])
('minibatch Accuracy (i, batch number)', 1, 650, [0.8502, 0.6100074])
('minibatch Accuracy (i, batch number)', 1, 700, [0.8550182, 0.5852146])
('minibatch Accuracy (i, batch number)', 1, 750, [0.8594, 0.56190115])
('minibatch Accuracy (i, batch number)', 1, 800, [0.8628182, 0.5418136])
('minibatch Accuracy (i, batch number)', 1, 850, [0.8649273, 0.52334726])
('Accuracy', 1, 'Test', array([0.87150002]), 'Train', array([0.86516362]))
('minibatch Accuracy (i, batch number)', 2, 50, [0.8682182, 0.50342405])
('minibatch Accuracy (i, batch number)', 2, 100, [0.86987275, 0.48965475])
('minibatch Accuracy (i, batch number)', 2, 150, [0.8724545, 0.47569644])
('minibatch Accuracy (i, batch number)', 2, 200, [0.8749818, 0.46454737])
('minibatch Accuracy (i, batch number)', 2, 250, [0.87725455, 0.4534611])
('minibatch Accuracy (i, batch number)', 2, 300, [0.87896365, 0.44350523])
('minibatch Accuracy (i, batch number)', 2, 350, [0.881, 0.43534914])
('minibatch Accuracy (i, batch number)', 2, 400, [0.8831091, 0.4253556])
('minibatch Accuracy (i, batch number)', 2, 450, [0.8841091, 0.4175419])
('minibatch Accuracy (i, batch number)', 2, 500, [0.8862909, 0.40894055])
('minibatch Accuracy (i, batch number)', 2, 550, [0.8875091, 0.4023063])
('minibatch Accuracy (i, batch number)', 2, 600, [0.8892182, 0.39526072])
('minibatch Accuracy (i, batch number)', 2, 650, [0.8896, 0.39033046])
('minibatch Accuracy (i, batch number)', 2, 700, [0.8907091, 0.38429996])
('minibatch Accuracy (i, batch number)', 2, 750, [0.8922, 0.37776098])
('minibatch Accuracy (i, batch number)', 2, 800, [0.8925818, 0.37342113])
('minibatch Accuracy (i, batch number)', 2, 850, [0.8940182, 0.36827126])
('Accuracy', 2, 'Test', array([0.89749998]), 'Train', array([0.8943091]))
('minibatch Accuracy (i, batch number)', 3, 50, [0.89592725, 0.36236322])
('minibatch Accuracy (i, batch number)', 3, 100, [0.8964364, 0.3580192])
('minibatch Accuracy (i, batch number)', 3, 150, [0.8971636, 0.3537445])
('minibatch Accuracy (i, batch number)', 3, 200, [0.8983273, 0.34939104])
('minibatch Accuracy (i, batch number)', 3, 250, [0.8995818, 0.3451309])
('minibatch Accuracy (i, batch number)', 3, 300, [0.9008, 0.3418556])
('minibatch Accuracy (i, batch number)', 3, 350, [0.9016727, 0.3376383])
('minibatch Accuracy (i, batch number)', 3, 400, [0.90198183, 0.33502492])
('minibatch Accuracy (i, batch number)', 3, 450, [0.9032182, 0.33055604])
('minibatch Accuracy (i, batch number)', 3, 500, [0.9043818, 0.32644013])
('minibatch Accuracy (i, batch number)', 3, 550, [0.9049818, 0.32324827])
('minibatch Accuracy (i, batch number)', 3, 600, [0.90638185, 0.31954312])
('minibatch Accuracy (i, batch number)', 3, 650, [0.907, 0.31690967])
('minibatch Accuracy (i, batch number)', 3, 700, [0.90785456, 0.31380448])
('minibatch Accuracy (i, batch number)', 3, 750, [0.90854543, 0.31084368])
('minibatch Accuracy (i, batch number)', 3, 800, [0.91005456, 0.30741593])
('minibatch Accuracy (i, batch number)', 3, 850, [0.90950906, 0.30529824])
('Accuracy', 3, 'Test', array([0.91149998]), 'Train', array([0.90996361]))
('minibatch Accuracy (i, batch number)', 4, 50, [0.91096365, 0.30141783])
('minibatch Accuracy (i, batch number)', 4, 100, [0.91185457, 0.29888487])
('minibatch Accuracy (i, batch number)', 4, 150, [0.9123273, 0.29729658])
('minibatch Accuracy (i, batch number)', 4, 200, [0.9119818, 0.2959174])
('minibatch Accuracy (i, batch number)', 4, 250, [0.9133273, 0.29296944])
('minibatch Accuracy (i, batch number)', 4, 300, [0.9142909, 0.28957665])
('minibatch Accuracy (i, batch number)', 4, 350, [0.91492724, 0.28755116])
('minibatch Accuracy (i, batch number)', 4, 400, [0.9162727, 0.28426808])
('minibatch Accuracy (i, batch number)', 4, 450, [0.91725457, 0.2812042])
('minibatch Accuracy (i, batch number)', 4, 500, [0.9178909, 0.27941057])
('minibatch Accuracy (i, batch number)', 4, 550, [0.9181273, 0.2774453])
('minibatch Accuracy (i, batch number)', 4, 600, [0.9186909, 0.2745589])
('minibatch Accuracy (i, batch number)', 4, 650, [0.91876364, 0.27355564])
('minibatch Accuracy (i, batch number)', 4, 700, [0.91934544, 0.27194732])
('minibatch Accuracy (i, batch number)', 4, 750, [0.9202, 0.26921517])
('minibatch Accuracy (i, batch number)', 4, 800, [0.9210182, 0.2674476])
('minibatch Accuracy (i, batch number)', 4, 850, [0.9212, 0.2657834])
('Accuracy', 4, 'Test', array([0.9181]), 'Train', array([0.92140001]))
('minibatch Accuracy (i, batch number)', 5, 50, [0.9216727, 0.2636958])
('minibatch Accuracy (i, batch number)', 5, 100, [0.92212725, 0.2612709])
('minibatch Accuracy (i, batch number)', 5, 150, [0.9224909, 0.2595485])
('minibatch Accuracy (i, batch number)', 5, 200, [0.9231091, 0.2574334])
('minibatch Accuracy (i, batch number)', 5, 250, [0.9233636, 0.25636303])
('minibatch Accuracy (i, batch number)', 5, 300, [0.9251636, 0.25317967])
('minibatch Accuracy (i, batch number)', 5, 350, [0.9248, 0.251211])
('minibatch Accuracy (i, batch number)', 5, 400, [0.92538184, 0.24969444])
('minibatch Accuracy (i, batch number)', 5, 450, [0.925, 0.24970591])
('minibatch Accuracy (i, batch number)', 5, 500, [0.92654544, 0.24651438])
('minibatch Accuracy (i, batch number)', 5, 550, [0.9267455, 0.24498194])
('minibatch Accuracy (i, batch number)', 5, 600, [0.9268909, 0.24432895])
('minibatch Accuracy (i, batch number)', 5, 650, [0.9278727, 0.24150439])
('minibatch Accuracy (i, batch number)', 5, 700, [0.9284727, 0.23937772])
('minibatch Accuracy (i, batch number)', 5, 750, [0.9286, 0.23839666])
('minibatch Accuracy (i, batch number)', 5, 800, [0.92905456, 0.23601848])
('minibatch Accuracy (i, batch number)', 5, 850, [0.9295091, 0.23492523])
('Accuracy', 5, 'Test', array([0.92720002]), 'Train', array([0.92972726]))
('minibatch Accuracy (i, batch number)', 6, 50, [0.9297818, 0.2334409])
('minibatch Accuracy (i, batch number)', 6, 100, [0.9298364, 0.23381943])
('minibatch Accuracy (i, batch number)', 6, 150, [0.93094546, 0.230069])
('minibatch Accuracy (i, batch number)', 6, 200, [0.93125457, 0.22898196])
('minibatch Accuracy (i, batch number)', 6, 250, [0.9318727, 0.2277488])
('minibatch Accuracy (i, batch number)', 6, 300, [0.9321091, 0.22655767])
('minibatch Accuracy (i, batch number)', 6, 350, [0.9329818, 0.224081])
('minibatch Accuracy (i, batch number)', 6, 400, [0.9330182, 0.2226038])
('minibatch Accuracy (i, batch number)', 6, 450, [0.934, 0.22135048])
('minibatch Accuracy (i, batch number)', 6, 500, [0.9336, 0.22057706])
('minibatch Accuracy (i, batch number)', 6, 550, [0.9336, 0.21911328])
('minibatch Accuracy (i, batch number)', 6, 600, [0.9341091, 0.21727578])
('minibatch Accuracy (i, batch number)', 6, 650, [0.93438184, 0.2162864])
('minibatch Accuracy (i, batch number)', 6, 700, [0.9357455, 0.21386142])
('minibatch Accuracy (i, batch number)', 6, 750, [0.9358364, 0.21275207])
('minibatch Accuracy (i, batch number)', 6, 800, [0.9365818, 0.21120141])
('minibatch Accuracy (i, batch number)', 6, 850, [0.93634546, 0.210967])
('Accuracy', 6, 'Test', array([0.93440002]), 'Train', array([0.93660003]))
('minibatch Accuracy (i, batch number)', 7, 50, [0.9360545, 0.20976368])
('minibatch Accuracy (i, batch number)', 7, 100, [0.9366, 0.20931965])
('minibatch Accuracy (i, batch number)', 7, 150, [0.93718183, 0.20722528])
('minibatch Accuracy (i, batch number)', 7, 200, [0.9375455, 0.20583022])
('minibatch Accuracy (i, batch number)', 7, 250, [0.9383818, 0.20447695])
('minibatch Accuracy (i, batch number)', 7, 300, [0.9385273, 0.20294605])
('minibatch Accuracy (i, batch number)', 7, 350, [0.9387636, 0.20217322])
('minibatch Accuracy (i, batch number)', 7, 400, [0.93921816, 0.20055784])
('minibatch Accuracy (i, batch number)', 7, 450, [0.9391636, 0.19936171])
('minibatch Accuracy (i, batch number)', 7, 500, [0.9395091, 0.19914304])
('minibatch Accuracy (i, batch number)', 7, 550, [0.9404, 0.19731598])
('minibatch Accuracy (i, batch number)', 7, 600, [0.94085455, 0.1965413])
('minibatch Accuracy (i, batch number)', 7, 650, [0.94083637, 0.19574419])
('minibatch Accuracy (i, batch number)', 7, 700, [0.941, 0.19421266])
('minibatch Accuracy (i, batch number)', 7, 750, [0.9417818, 0.1923628])
('minibatch Accuracy (i, batch number)', 7, 800, [0.9419091, 0.19222838])
('minibatch Accuracy (i, batch number)', 7, 850, [0.94225454, 0.1914131])
('Accuracy', 7, 'Test', array([0.93900001]), 'Train', array([0.94250911]))
('minibatch Accuracy (i, batch number)', 8, 50, [0.9426727, 0.1895507])
('minibatch Accuracy (i, batch number)', 8, 100, [0.94272727, 0.18914242])
('minibatch Accuracy (i, batch number)', 8, 150, [0.94374543, 0.18712057])
('minibatch Accuracy (i, batch number)', 8, 200, [0.9430909, 0.18650876])
('minibatch Accuracy (i, batch number)', 8, 250, [0.94332725, 0.18644398])
('minibatch Accuracy (i, batch number)', 8, 300, [0.94338185, 0.18508574])
('minibatch Accuracy (i, batch number)', 8, 350, [0.9443091, 0.18350774])
('minibatch Accuracy (i, batch number)', 8, 400, [0.9448, 0.18310554])
('minibatch Accuracy (i, batch number)', 8, 450, [0.9450909, 0.18170282])
('minibatch Accuracy (i, batch number)', 8, 500, [0.9449818, 0.18117644])
('minibatch Accuracy (i, batch number)', 8, 550, [0.9453273, 0.1816672])
('minibatch Accuracy (i, batch number)', 8, 600, [0.94583637, 0.17884688])
('minibatch Accuracy (i, batch number)', 8, 650, [0.94585454, 0.17838989])
('minibatch Accuracy (i, batch number)', 8, 700, [0.9464, 0.17735155])
('minibatch Accuracy (i, batch number)', 8, 750, [0.9472182, 0.17479478])
('minibatch Accuracy (i, batch number)', 8, 800, [0.9463091, 0.17564595])
('minibatch Accuracy (i, batch number)', 8, 850, [0.9473636, 0.1745208])
('Accuracy', 8, 'Test', array([0.94099998]), 'Train', array([0.9472909]))
('minibatch Accuracy (i, batch number)', 9, 50, [0.94725454, 0.17333588])
('minibatch Accuracy (i, batch number)', 9, 100, [0.94734544, 0.17351873])
('minibatch Accuracy (i, batch number)', 9, 150, [0.9481636, 0.17184958])
('minibatch Accuracy (i, batch number)', 9, 200, [0.94838184, 0.17115729])
('minibatch Accuracy (i, batch number)', 9, 250, [0.94929093, 0.16947903])
('minibatch Accuracy (i, batch number)', 9, 300, [0.9489091, 0.16957103])
('minibatch Accuracy (i, batch number)', 9, 350, [0.9492, 0.16830987])
('minibatch Accuracy (i, batch number)', 9, 400, [0.94976366, 0.167903])
('minibatch Accuracy (i, batch number)', 9, 450, [0.94985455, 0.1674625])
('minibatch Accuracy (i, batch number)', 9, 500, [0.95001817, 0.1665801])
('minibatch Accuracy (i, batch number)', 9, 550, [0.95076364, 0.16436896])
('minibatch Accuracy (i, batch number)', 9, 600, [0.9509091, 0.16348721])
('minibatch Accuracy (i, batch number)', 9, 650, [0.95054543, 0.16399531])
('minibatch Accuracy (i, batch number)', 9, 700, [0.9508909, 0.16260421])
('minibatch Accuracy (i, batch number)', 9, 750, [0.9512909, 0.16169888])
('minibatch Accuracy (i, batch number)', 9, 800, [0.9515455, 0.16018008])
('minibatch Accuracy (i, batch number)', 9, 850, [0.9516, 0.1596396])
('Accuracy', 9, 'Test', array([0.94440001]), 'Train', array([0.95132726]))
('minibatch Accuracy (i, batch number)', 10, 50, [0.9519455, 0.15960933])
('minibatch Accuracy (i, batch number)', 10, 100, [0.9527818, 0.15755564])
('minibatch Accuracy (i, batch number)', 10, 150, [0.952, 0.15903062])
('minibatch Accuracy (i, batch number)', 10, 200, [0.9521273, 0.15824448])
('minibatch Accuracy (i, batch number)', 10, 250, [0.9532545, 0.15653124])
('minibatch Accuracy (i, batch number)', 10, 300, [0.95305455, 0.15607238])
('minibatch Accuracy (i, batch number)', 10, 350, [0.9534364, 0.15458359])
('minibatch Accuracy (i, batch number)', 10, 400, [0.9531818, 0.15396562])
('minibatch Accuracy (i, batch number)', 10, 450, [0.95336366, 0.15428658])
('minibatch Accuracy (i, batch number)', 10, 500, [0.9545818, 0.15235512])
('minibatch Accuracy (i, batch number)', 10, 550, [0.9547455, 0.15160492])
('minibatch Accuracy (i, batch number)', 10, 600, [0.9543818, 0.15144609])
('minibatch Accuracy (i, batch number)', 10, 650, [0.95503634, 0.14976409])
('minibatch Accuracy (i, batch number)', 10, 700, [0.95476365, 0.14998175])
('minibatch Accuracy (i, batch number)', 10, 750, [0.9552364, 0.1492348])
('minibatch Accuracy (i, batch number)', 10, 800, [0.9542364, 0.15056221])
('minibatch Accuracy (i, batch number)', 10, 850, [0.9551455, 0.14768577])
('Accuracy', 10, 'Test', array([0.94919997]), 'Train', array([0.95538181]))
('minibatch Accuracy (i, batch number)', 11, 50, [0.956, 0.14752139])
('minibatch Accuracy (i, batch number)', 11, 100, [0.9559636, 0.1471319])
('minibatch Accuracy (i, batch number)', 11, 150, [0.95632726, 0.1465011])
('minibatch Accuracy (i, batch number)', 11, 200, [0.9566, 0.14487427])
('minibatch Accuracy (i, batch number)', 11, 250, [0.9568909, 0.1445681])
('minibatch Accuracy (i, batch number)', 11, 300, [0.9566909, 0.14401624])
('minibatch Accuracy (i, batch number)', 11, 350, [0.95649093, 0.1437722])
('minibatch Accuracy (i, batch number)', 11, 400, [0.9567636, 0.14296485])
('minibatch Accuracy (i, batch number)', 11, 450, [0.9574182, 0.14206304])
('minibatch Accuracy (i, batch number)', 11, 500, [0.9580727, 0.14187343])
('minibatch Accuracy (i, batch number)', 11, 550, [0.95821816, 0.14037931])
('minibatch Accuracy (i, batch number)', 11, 600, [0.95812726, 0.1402])
('minibatch Accuracy (i, batch number)', 11, 650, [0.9580182, 0.14002302])
('minibatch Accuracy (i, batch number)', 11, 700, [0.9580909, 0.13970992])
('minibatch Accuracy (i, batch number)', 11, 750, [0.95927274, 0.13818519])
('minibatch Accuracy (i, batch number)', 11, 800, [0.95925456, 0.13747476])
('minibatch Accuracy (i, batch number)', 11, 850, [0.9590182, 0.13757266])
('Accuracy', 11, 'Test', array([0.95050001]), 'Train', array([0.95958179]))
('minibatch Accuracy (i, batch number)', 12, 50, [0.95983636, 0.13777633])
('minibatch Accuracy (i, batch number)', 12, 100, [0.9592182, 0.13659115])
('minibatch Accuracy (i, batch number)', 12, 150, [0.9598909, 0.1348572])
('minibatch Accuracy (i, batch number)', 12, 200, [0.95952725, 0.13534415])
('minibatch Accuracy (i, batch number)', 12, 250, [0.9598727, 0.13466147])
('minibatch Accuracy (i, batch number)', 12, 300, [0.9596182, 0.13394406])
('minibatch Accuracy (i, batch number)', 12, 350, [0.9602182, 0.13374843])
('minibatch Accuracy (i, batch number)', 12, 400, [0.9601091, 0.13277803])
('minibatch Accuracy (i, batch number)', 12, 450, [0.9599818, 0.13273439])
('minibatch Accuracy (i, batch number)', 12, 500, [0.95985454, 0.13329636])
('minibatch Accuracy (i, batch number)', 12, 550, [0.9603636, 0.13161422])
('minibatch Accuracy (i, batch number)', 12, 600, [0.9615818, 0.13041945])
('minibatch Accuracy (i, batch number)', 12, 650, [0.96156365, 0.12955719])
('minibatch Accuracy (i, batch number)', 12, 700, [0.962, 0.12833296])
('minibatch Accuracy (i, batch number)', 12, 750, [0.9616727, 0.12841251])
('minibatch Accuracy (i, batch number)', 12, 800, [0.96174544, 0.12827119])
('minibatch Accuracy (i, batch number)', 12, 850, [0.9607273, 0.13012436])
('Accuracy', 12, 'Test', array([0.95060003]), 'Train', array([0.96056366]))
('minibatch Accuracy (i, batch number)', 13, 50, [0.96163636, 0.12742461])
('minibatch Accuracy (i, batch number)', 13, 100, [0.9623273, 0.12721172])
('minibatch Accuracy (i, batch number)', 13, 150, [0.9622545, 0.12725395])
('minibatch Accuracy (i, batch number)', 13, 200, [0.9625818, 0.12635721])
('minibatch Accuracy (i, batch number)', 13, 250, [0.96254545, 0.12570482])
('minibatch Accuracy (i, batch number)', 13, 300, [0.96256363, 0.124718525])
('minibatch Accuracy (i, batch number)', 13, 350, [0.962, 0.12554021])
('minibatch Accuracy (i, batch number)', 13, 400, [0.9628, 0.12452015])
('minibatch Accuracy (i, batch number)', 13, 450, [0.96305454, 0.123559214])
('minibatch Accuracy (i, batch number)', 13, 500, [0.9629818, 0.1240397])
('minibatch Accuracy (i, batch number)', 13, 550, [0.9631818, 0.12263713])
('minibatch Accuracy (i, batch number)', 13, 600, [0.9636545, 0.12255308])
('minibatch Accuracy (i, batch number)', 13, 650, [0.96385455, 0.12116655])
('minibatch Accuracy (i, batch number)', 13, 700, [0.9625091, 0.12349294])
('minibatch Accuracy (i, batch number)', 13, 750, [0.9640909, 0.12081442])
('minibatch Accuracy (i, batch number)', 13, 800, [0.96436363, 0.11986594])
('minibatch Accuracy (i, batch number)', 13, 850, [0.9644909, 0.119172424])
('Accuracy', 13, 'Test', array([0.9544]), 'Train', array([0.96449089]))
('minibatch Accuracy (i, batch number)', 14, 50, [0.9634182, 0.120642364])
('minibatch Accuracy (i, batch number)', 14, 100, [0.96452725, 0.11832275])
('minibatch Accuracy (i, batch number)', 14, 150, [0.9646909, 0.118505284])
('minibatch Accuracy (i, batch number)', 14, 200, [0.9647091, 0.11773568])
('minibatch Accuracy (i, batch number)', 14, 250, [0.96514547, 0.11722718])
('minibatch Accuracy (i, batch number)', 14, 300, [0.96572727, 0.115836345])
('minibatch Accuracy (i, batch number)', 14, 350, [0.9658909, 0.11500446])
('minibatch Accuracy (i, batch number)', 14, 400, [0.96494544, 0.11676863])
('minibatch Accuracy (i, batch number)', 14, 450, [0.9654, 0.11515412])
('minibatch Accuracy (i, batch number)', 14, 500, [0.96549094, 0.114853784])
('minibatch Accuracy (i, batch number)', 14, 550, [0.96567273, 0.114932805])
('minibatch Accuracy (i, batch number)', 14, 600, [0.96572727, 0.11398347])
('minibatch Accuracy (i, batch number)', 14, 650, [0.9653636, 0.11453714])
('minibatch Accuracy (i, batch number)', 14, 700, [0.9660364, 0.11266168])
('minibatch Accuracy (i, batch number)', 14, 750, [0.9658545, 0.112938784])
('minibatch Accuracy (i, batch number)', 14, 800, [0.96632725, 0.111642525])
('minibatch Accuracy (i, batch number)', 14, 850, [0.96556365, 0.112944596])
('Accuracy', 14, 'Test', array([0.95639998]), 'Train', array([0.96541816]))
('minibatch Accuracy (i, batch number)', 15, 50, [0.96598184, 0.11133148])
('minibatch Accuracy (i, batch number)', 15, 100, [0.9658, 0.11151264])
('minibatch Accuracy (i, batch number)', 15, 150, [0.9664364, 0.1101148])
('minibatch Accuracy (i, batch number)', 15, 200, [0.9662909, 0.11020844])
('minibatch Accuracy (i, batch number)', 15, 250, [0.96687275, 0.10957187])
('minibatch Accuracy (i, batch number)', 15, 300, [0.96672726, 0.109673195])
('minibatch Accuracy (i, batch number)', 15, 350, [0.9668364, 0.11013754])
('minibatch Accuracy (i, batch number)', 15, 400, [0.96754545, 0.10901135])
('minibatch Accuracy (i, batch number)', 15, 450, [0.9678909, 0.10719116])
('minibatch Accuracy (i, batch number)', 15, 500, [0.96796364, 0.108194605])
('minibatch Accuracy (i, batch number)', 15, 550, [0.96827275, 0.10711201])
('minibatch Accuracy (i, batch number)', 15, 600, [0.9679818, 0.10632997])
('minibatch Accuracy (i, batch number)', 15, 650, [0.96763635, 0.10711064])
('minibatch Accuracy (i, batch number)', 15, 700, [0.9675636, 0.106753275])
('minibatch Accuracy (i, batch number)', 15, 750, [0.96778184, 0.106818944])
('minibatch Accuracy (i, batch number)', 15, 800, [0.9687091, 0.105149165])
('minibatch Accuracy (i, batch number)', 15, 850, [0.96803635, 0.105766])
('Accuracy', 15, 'Test', array([0.9569]), 'Train', array([0.96769089]))
('minibatch Accuracy (i, batch number)', 16, 50, [0.96903634, 0.103791945])
('minibatch Accuracy (i, batch number)', 16, 100, [0.96836364, 0.10531754])
('minibatch Accuracy (i, batch number)', 16, 150, [0.9687091, 0.10420142])
('minibatch Accuracy (i, batch number)', 16, 200, [0.9686, 0.10423291])
('minibatch Accuracy (i, batch number)', 16, 250, [0.96834546, 0.10449356])
('minibatch Accuracy (i, batch number)', 16, 300, [0.9691091, 0.10325242])
('minibatch Accuracy (i, batch number)', 16, 350, [0.96941817, 0.10227541])
('minibatch Accuracy (i, batch number)', 16, 400, [0.96974546, 0.10147097])
('minibatch Accuracy (i, batch number)', 16, 450, [0.96974546, 0.10101921])
('minibatch Accuracy (i, batch number)', 16, 500, [0.96925455, 0.10123178])
('minibatch Accuracy (i, batch number)', 16, 550, [0.9698, 0.09983358])
('minibatch Accuracy (i, batch number)', 16, 600, [0.9697818, 0.10007187])
('minibatch Accuracy (i, batch number)', 16, 650, [0.9698909, 0.10049716])
('minibatch Accuracy (i, batch number)', 16, 700, [0.9700364, 0.09990486])
('minibatch Accuracy (i, batch number)', 16, 750, [0.97025454, 0.09892335])
('minibatch Accuracy (i, batch number)', 16, 800, [0.9706182, 0.097875565])
('minibatch Accuracy (i, batch number)', 16, 850, [0.96994543, 0.09906086])
('Accuracy', 16, 'Test', array([0.95819998]), 'Train', array([0.97007275]))
('minibatch Accuracy (i, batch number)', 17, 50, [0.9705091, 0.097789206])
('minibatch Accuracy (i, batch number)', 17, 100, [0.9708727, 0.09691758])
('minibatch Accuracy (i, batch number)', 17, 150, [0.97074544, 0.09719295])
('minibatch Accuracy (i, batch number)', 17, 200, [0.97023636, 0.097343944])
('minibatch Accuracy (i, batch number)', 17, 250, [0.9702182, 0.09761812])
('minibatch Accuracy (i, batch number)', 17, 300, [0.97098184, 0.09666267])
('minibatch Accuracy (i, batch number)', 17, 350, [0.97081816, 0.09536047])
('minibatch Accuracy (i, batch number)', 17, 400, [0.9709455, 0.09433597])
('minibatch Accuracy (i, batch number)', 17, 450, [0.9709455, 0.09625407])
('minibatch Accuracy (i, batch number)', 17, 500, [0.9714364, 0.094701044])
('minibatch Accuracy (i, batch number)', 17, 550, [0.9716182, 0.09443109])
('minibatch Accuracy (i, batch number)', 17, 600, [0.97194546, 0.09399415])
('minibatch Accuracy (i, batch number)', 17, 650, [0.97172725, 0.09384732])
('minibatch Accuracy (i, batch number)', 17, 700, [0.97229093, 0.09230139])
('minibatch Accuracy (i, batch number)', 17, 750, [0.97187275, 0.092873245])
('minibatch Accuracy (i, batch number)', 17, 800, [0.9710182, 0.09483654])
('minibatch Accuracy (i, batch number)', 17, 850, [0.97205454, 0.09199747])
('Accuracy', 17, 'Test', array([0.95920002]), 'Train', array([0.97210908]))
('minibatch Accuracy (i, batch number)', 18, 50, [0.97229093, 0.09207983])
('minibatch Accuracy (i, batch number)', 18, 100, [0.97156364, 0.09252481])
('minibatch Accuracy (i, batch number)', 18, 150, [0.97243637, 0.09096361])
('minibatch Accuracy (i, batch number)', 18, 200, [0.9722546, 0.09166127])
('minibatch Accuracy (i, batch number)', 18, 250, [0.97254544, 0.09095966])
('minibatch Accuracy (i, batch number)', 18, 300, [0.9721818, 0.09112135])
('minibatch Accuracy (i, batch number)', 18, 350, [0.97236365, 0.090109825])
('minibatch Accuracy (i, batch number)', 18, 400, [0.97185457, 0.091935955])
('minibatch Accuracy (i, batch number)', 18, 450, [0.9727091, 0.08989203])
('minibatch Accuracy (i, batch number)', 18, 500, [0.9717636, 0.09189961])
('minibatch Accuracy (i, batch number)', 18, 550, [0.9718909, 0.09064226])
('minibatch Accuracy (i, batch number)', 18, 600, [0.97312725, 0.08770755])
('minibatch Accuracy (i, batch number)', 18, 650, [0.97312725, 0.08778734])
('minibatch Accuracy (i, batch number)', 18, 700, [0.9737273, 0.08721989])
('minibatch Accuracy (i, batch number)', 18, 750, [0.9739818, 0.08623974])
('minibatch Accuracy (i, batch number)', 18, 800, [0.97367275, 0.08684878])
('minibatch Accuracy (i, batch number)', 18, 850, [0.97336364, 0.087412074])
('Accuracy', 18, 'Test', array([0.95910001]), 'Train', array([0.97369093]))
('minibatch Accuracy (i, batch number)', 19, 50, [0.9735818, 0.086397335])
('minibatch Accuracy (i, batch number)', 19, 100, [0.97416365, 0.08628841])
('minibatch Accuracy (i, batch number)', 19, 150, [0.97467273, 0.08487165])
('minibatch Accuracy (i, batch number)', 19, 200, [0.9745455, 0.0847043])
('minibatch Accuracy (i, batch number)', 19, 250, [0.97392726, 0.08549808])
('minibatch Accuracy (i, batch number)', 19, 300, [0.9735818, 0.08651975])
('minibatch Accuracy (i, batch number)', 19, 350, [0.9742909, 0.085256346])
('minibatch Accuracy (i, batch number)', 19, 400, [0.97483635, 0.08383662])
('minibatch Accuracy (i, batch number)', 19, 450, [0.9746364, 0.083512746])
('minibatch Accuracy (i, batch number)', 19, 500, [0.9741273, 0.08385104])
('minibatch Accuracy (i, batch number)', 19, 550, [0.9744545, 0.08428575])
('minibatch Accuracy (i, batch number)', 19, 600, [0.9748909, 0.08217665])
('minibatch Accuracy (i, batch number)', 19, 650, [0.9746, 0.08273045])
('minibatch Accuracy (i, batch number)', 19, 700, [0.9744909, 0.08321693])
('minibatch Accuracy (i, batch number)', 19, 750, [0.9751273, 0.08197908])
('minibatch Accuracy (i, batch number)', 19, 800, [0.97492725, 0.08177938])
('minibatch Accuracy (i, batch number)', 19, 850, [0.9754, 0.081085615])
('Accuracy', 19, 'Test', array([0.95959997]), 'Train', array([0.97561818]))
('minibatch Accuracy (i, batch number)', 20, 50, [0.97481817, 0.08223045])
('minibatch Accuracy (i, batch number)', 20, 100, [0.9757091, 0.08086021])
('minibatch Accuracy (i, batch number)', 20, 150, [0.9755273, 0.082228065])
('minibatch Accuracy (i, batch number)', 20, 200, [0.9754182, 0.081323795])
('minibatch Accuracy (i, batch number)', 20, 250, [0.97545457, 0.08024762])
('minibatch Accuracy (i, batch number)', 20, 300, [0.97574544, 0.08035346])
('minibatch Accuracy (i, batch number)', 20, 350, [0.9755091, 0.08003081])
('minibatch Accuracy (i, batch number)', 20, 400, [0.9753818, 0.080891654])
('minibatch Accuracy (i, batch number)', 20, 450, [0.9764364, 0.078127265])
('minibatch Accuracy (i, batch number)', 20, 500, [0.9761818, 0.07863283])
('minibatch Accuracy (i, batch number)', 20, 550, [0.9764364, 0.077650614])
('minibatch Accuracy (i, batch number)', 20, 600, [0.97587276, 0.07842466])
('minibatch Accuracy (i, batch number)', 20, 650, [0.9765091, 0.07795796])
('minibatch Accuracy (i, batch number)', 20, 700, [0.97663635, 0.07746433])
('minibatch Accuracy (i, batch number)', 20, 750, [0.97605455, 0.0777619])
('minibatch Accuracy (i, batch number)', 20, 800, [0.9754, 0.07961241])
('minibatch Accuracy (i, batch number)', 20, 850, [0.9764, 0.07730783])
('Accuracy', 20, 'Test', array([0.9598]), 'Train', array([0.97680002]))
('minibatch Accuracy (i, batch number)', 21, 50, [0.9766727, 0.07615775])
('minibatch Accuracy (i, batch number)', 21, 100, [0.9762727, 0.07746672])
('minibatch Accuracy (i, batch number)', 21, 150, [0.9769273, 0.07596517])
('minibatch Accuracy (i, batch number)', 21, 200, [0.9770182, 0.075730726])
('minibatch Accuracy (i, batch number)', 21, 250, [0.9768909, 0.07607284])
('minibatch Accuracy (i, batch number)', 21, 300, [0.97727275, 0.07493337])
('minibatch Accuracy (i, batch number)', 21, 350, [0.97743636, 0.07436698])
('minibatch Accuracy (i, batch number)', 21, 400, [0.97621816, 0.07627728])
('minibatch Accuracy (i, batch number)', 21, 450, [0.97696364, 0.07545383])
('minibatch Accuracy (i, batch number)', 21, 500, [0.9762727, 0.07637388])
('minibatch Accuracy (i, batch number)', 21, 550, [0.9769273, 0.07547694])
('minibatch Accuracy (i, batch number)', 21, 600, [0.97776365, 0.07373408])
('minibatch Accuracy (i, batch number)', 21, 650, [0.9778909, 0.073705204])
('minibatch Accuracy (i, batch number)', 21, 700, [0.97778183, 0.07399935])
('minibatch Accuracy (i, batch number)', 21, 750, [0.9780545, 0.07246026])
('minibatch Accuracy (i, batch number)', 21, 800, [0.9778, 0.07350901])
('minibatch Accuracy (i, batch number)', 21, 850, [0.9778364, 0.072975986])
('Accuracy', 21, 'Test', array([0.96170002]), 'Train', array([0.97781819]))
('minibatch Accuracy (i, batch number)', 22, 50, [0.9771091, 0.074175104])
('minibatch Accuracy (i, batch number)', 22, 100, [0.9775818, 0.07391885])
('minibatch Accuracy (i, batch number)', 22, 150, [0.9775636, 0.07242933])
('minibatch Accuracy (i, batch number)', 22, 200, [0.9783818, 0.07177547])
('minibatch Accuracy (i, batch number)', 22, 250, [0.9789818, 0.07037406])
('minibatch Accuracy (i, batch number)', 22, 300, [0.97825456, 0.070712455])
('minibatch Accuracy (i, batch number)', 22, 350, [0.979, 0.07062867])
('minibatch Accuracy (i, batch number)', 22, 400, [0.9784909, 0.0701771])
('minibatch Accuracy (i, batch number)', 22, 450, [0.9790364, 0.07034419])
('minibatch Accuracy (i, batch number)', 22, 500, [0.97776365, 0.07113137])
('minibatch Accuracy (i, batch number)', 22, 550, [0.9782364, 0.07065112])
('minibatch Accuracy (i, batch number)', 22, 600, [0.9786182, 0.06970089])
('minibatch Accuracy (i, batch number)', 22, 650, [0.97941816, 0.06873991])
('minibatch Accuracy (i, batch number)', 22, 700, [0.9788, 0.06908926])
('minibatch Accuracy (i, batch number)', 22, 750, [0.9793636, 0.06780761])
('minibatch Accuracy (i, batch number)', 22, 800, [0.9790546, 0.06889148])
('minibatch Accuracy (i, batch number)', 22, 850, [0.97943634, 0.06857043])
('Accuracy', 22, 'Test', array([0.9623]), 'Train', array([0.97974545]))
('minibatch Accuracy (i, batch number)', 23, 50, [0.9792, 0.067824855])
('minibatch Accuracy (i, batch number)', 23, 100, [0.97934544, 0.068877675])
('minibatch Accuracy (i, batch number)', 23, 150, [0.97990906, 0.06717105])
('minibatch Accuracy (i, batch number)', 23, 200, [0.9796, 0.06808113])
('minibatch Accuracy (i, batch number)', 23, 250, [0.9796182, 0.06856888])
('minibatch Accuracy (i, batch number)', 23, 300, [0.97998184, 0.067645825])
('minibatch Accuracy (i, batch number)', 23, 350, [0.9802909, 0.06641708])
('minibatch Accuracy (i, batch number)', 23, 400, [0.9802909, 0.067052685])
('minibatch Accuracy (i, batch number)', 23, 450, [0.97981817, 0.06734195])
('minibatch Accuracy (i, batch number)', 23, 500, [0.9805091, 0.06566344])
('minibatch Accuracy (i, batch number)', 23, 550, [0.9804182, 0.065205])
('minibatch Accuracy (i, batch number)', 23, 600, [0.97907275, 0.06795206])
('minibatch Accuracy (i, batch number)', 23, 650, [0.9805091, 0.06460843])
('minibatch Accuracy (i, batch number)', 23, 700, [0.9801818, 0.065273464])
('minibatch Accuracy (i, batch number)', 23, 750, [0.9803454, 0.06474536])
('minibatch Accuracy (i, batch number)', 23, 800, [0.9800909, 0.06590172])
('minibatch Accuracy (i, batch number)', 23, 850, [0.9799273, 0.06570987])
('Accuracy', 23, 'Test', array([0.96329999]), 'Train', array([0.98016363]))
('minibatch Accuracy (i, batch number)', 24, 50, [0.9803454, 0.06466317])
('minibatch Accuracy (i, batch number)', 24, 100, [0.9791273, 0.06794764])
('minibatch Accuracy (i, batch number)', 24, 150, [0.9802, 0.064639725])
('minibatch Accuracy (i, batch number)', 24, 200, [0.9809273, 0.063083336])
('minibatch Accuracy (i, batch number)', 24, 250, [0.9808364, 0.06334393])
('minibatch Accuracy (i, batch number)', 24, 300, [0.98074543, 0.06381485])
('minibatch Accuracy (i, batch number)', 24, 350, [0.9808909, 0.062433444])
('minibatch Accuracy (i, batch number)', 24, 400, [0.9810182, 0.061821006])
('minibatch Accuracy (i, batch number)', 24, 450, [0.98123634, 0.061554052])
('minibatch Accuracy (i, batch number)', 24, 500, [0.9811818, 0.06146585])
('minibatch Accuracy (i, batch number)', 24, 550, [0.9814182, 0.061991483])
('minibatch Accuracy (i, batch number)', 24, 600, [0.981, 0.06221058])
('minibatch Accuracy (i, batch number)', 24, 650, [0.9821636, 0.060980976])
('minibatch Accuracy (i, batch number)', 24, 700, [0.9809273, 0.0628567])
('minibatch Accuracy (i, batch number)', 24, 750, [0.98163635, 0.06024591])
('minibatch Accuracy (i, batch number)', 24, 800, [0.9819273, 0.05995791])
('minibatch Accuracy (i, batch number)', 24, 850, [0.98194546, 0.060098886])
('Accuracy', 24, 'Test', array([0.96329999]), 'Train', array([0.98178184]))
