Extracting ../MNIST_data/train-images-idx3-ubyte.gz
Extracting ../MNIST_data/train-labels-idx1-ubyte.gz
Extracting ../MNIST_data/t10k-images-idx3-ubyte.gz
Extracting ../MNIST_data/t10k-labels-idx1-ubyte.gz
('Train', (55000, 784), 'Test', (10000, 784))
('length', 5, 4)
---------------------------------------------------------------------------------------------------------
('batch index', 0, [[136.01566, 4.8866944, 7.307049, 0.924478]])
[0.09849091]
---------------------------------------------------------------------------------------------------------
---------------------------------------------------------------------------------------------------------
('batch index', 100, [[391.0017, 4.638532, 2.382809, 0.25921574]])
[0.3618909]
---------------------------------------------------------------------------------------------------------
---------------------------------------------------------------------------------------------------------
('batch index', 200, [[24.8171, 4.583738, 3.0363693, 0.54259217]])
[0.69503635]
---------------------------------------------------------------------------------------------------------
---------------------------------------------------------------------------------------------------------
('batch index', 300, [[76.49658, 4.3456936, 2.017484, 0.3015641]])
[0.75176364]
---------------------------------------------------------------------------------------------------------
---------------------------------------------------------------------------------------------------------
('batch index', 400, [[127.46672, 20.789335, 12.92079, 1.2123007]])
[0.78663635]
---------------------------------------------------------------------------------------------------------
----------------------------------------------------------------------------ls-----------------------------
('Accuracies', 0, 'Test', array([0.50220001]), 'Train', array([0.8283]))
('Cost_M1', array([1.06822562]), 'Cost_M2', array([0.53120065]), 'Overall Cost', array([0.53702497]))
('Entropies', [2.1248026, 1.761144, 486.01065])
('Z cost', [[187.85657, 2.2530289, 1.0059978, 0.20688891]])
---------------------------------------------------------------------------------------------------------
---------------------------------------------------------------------------------------------------------
('batch index', 0, [[338.77747, 1.2923627, 1.3660716, 0.12809908]])
[0.8215273]
---------------------------------------------------------------------------------------------------------
---------------------------------------------------------------------------------------------------------
('batch index', 100, [[17.022072, 1.0384754, 0.7835516, 0.15140352]])
[0.83574545]
---------------------------------------------------------------------------------------------------------
---------------------------------------------------------------------------------------------------------
('batch index', 200, [[6.9131455, 1.1946731, 1.4067981, 0.16631874]])
[0.8636]
---------------------------------------------------------------------------------------------------------
---------------------------------------------------------------------------------------------------------
('batch index', 300, [[14.347628, 1.2200736, 0.788483, 0.22199011]])
[0.87038183]
---------------------------------------------------------------------------------------------------------
---------------------------------------------------------------------------------------------------------
('batch index', 400, [[9.181982, 1.669496, 1.1481113, 0.21952087]])
[0.88445455]
---------------------------------------------------------------------------------------------------------
----------------------------------------------------------------------------ls-----------------------------
('Accuracies', 1, 'Test', array([0.49939999]), 'Train', array([0.88870001]))
('Cost_M1', array([0.82790315]), 'Cost_M2', array([0.50795698]), 'Overall Cost', array([0.31994617]))
('Entropies', [2.031828, 1.6595588, 496.2917])
('Z cost', [[29.71408, 4.606922, 2.3169575, 0.22653589]])
---------------------------------------------------------------------------------------------------------
---------------------------------------------------------------------------------------------------------
('batch index', 0, [[122.79263, 6.652714, 3.6023126, 0.33608463]])
[0.89116365]
---------------------------------------------------------------------------------------------------------
---------------------------------------------------------------------------------------------------------
('batch index', 100, [[89.645386, 2.595654, 1.0732372, 0.15735683]])
[0.89476365]
---------------------------------------------------------------------------------------------------------
---------------------------------------------------------------------------------------------------------
('batch index', 200, [[2.146864, 0.49368244, 0.39194864, 0.0595773]])
[0.9080727]
---------------------------------------------------------------------------------------------------------
---------------------------------------------------------------------------------------------------------
('batch index', 300, [[26.405542, 4.4278064, 2.0755262, 0.25702816]])
[0.9068]
---------------------------------------------------------------------------------------------------------
---------------------------------------------------------------------------------------------------------
('batch index', 400, [[5.4848795, 1.2586355, 1.0516081, 0.13336587]])
[0.9148]
---------------------------------------------------------------------------------------------------------
----------------------------------------------------------------------------ls-----------------------------
('Accuracies', 2, 'Test', array([0.48570001]), 'Train', array([0.86930001]))
('Cost_M1', array([0.72561765]), 'Cost_M2', array([0.49123403]), 'Overall Cost', array([0.23438361]))
('Entropies', [1.9649361, 1.6754912, 506.1685])
('Z cost', [[3.0942216, 1.4205106, 0.7767252, 0.09147918]])
---------------------------------------------------------------------------------------------------------
---------------------------------------------------------------------------------------------------------
('batch index', 0, [[12.976253, 1.5017477, 0.9462116, 0.10673832]])
[0.86578184]
---------------------------------------------------------------------------------------------------------
---------------------------------------------------------------------------------------------------------
('batch index', 100, [[60.863663, 3.8356638, 1.4781709, 0.24365348]])
[0.8999818]
---------------------------------------------------------------------------------------------------------
---------------------------------------------------------------------------------------------------------
('batch index', 200, [[9.374199, 11.581274, 1.2207931, 0.26521587]])
[0.91194546]
---------------------------------------------------------------------------------------------------------
---------------------------------------------------------------------------------------------------------
('batch index', 300, [[1.9411741, 5.4815807, 12.008877, 0.25316936]])
[0.9164182]
---------------------------------------------------------------------------------------------------------
---------------------------------------------------------------------------------------------------------
('batch index', 400, [[6.248648, 6.268928, 5.22604, 1.2349284]])
[0.9218]
---------------------------------------------------------------------------------------------------------
----------------------------------------------------------------------------ls-----------------------------
('Accuracies', 3, 'Test', array([0.49829999]), 'Train', array([0.92089999]))
('Cost_M1', array([0.73245287]), 'Cost_M2', array([0.49814203]), 'Overall Cost', array([0.23431084]))
('Entropies', [1.9925681, 1.6454818, 514.44183])
('Z cost', [[9.245325, 5.884038, 4.748042, 0.5027364]])
---------------------------------------------------------------------------------------------------------
---------------------------------------------------------------------------------------------------------
('batch index', 0, [[19.524385, 2.4222414, 7.875271, 0.7383476]])
[0.9201818]
---------------------------------------------------------------------------------------------------------
---------------------------------------------------------------------------------------------------------
('batch index', 100, [[16.183243, 1.2700523, 8.647764, 0.97757053]])
[0.9257636]
---------------------------------------------------------------------------------------------------------
---------------------------------------------------------------------------------------------------------
('batch index', 200, [[4.104048, 4.312705, 7.28223, 1.2153754]])
[0.93052727]
---------------------------------------------------------------------------------------------------------
---------------------------------------------------------------------------------------------------------
('batch index', 300, [[7.739653, 0.6413339, 5.014994, 0.28140748]])
[0.9309273]
---------------------------------------------------------------------------------------------------------
---------------------------------------------------------------------------------------------------------
('batch index', 400, [[6.836172, 0.9143324, 1.8146837, 1.0504181]])
[0.93256366]
---------------------------------------------------------------------------------------------------------
----------------------------------------------------------------------------ls-----------------------------
('Accuracies', 4, 'Test', array([0.479]), 'Train', array([0.92970002]))
('Cost_M1', array([0.68044686]), 'Cost_M2', array([0.48932639]), 'Overall Cost', array([0.19112048]))
('Entropies', [1.9573056, 1.6242249, 522.2517])
('Z cost', [[7.350894, 1.5252588, 4.266144, 0.49051672]])
---------------------------------------------------------------------------------------------------------
---------------------------------------------------------------------------------------------------------
('batch index', 0, [[8.411037, 1.0675117, 4.183275, 0.885448]])
[0.9330909]
---------------------------------------------------------------------------------------------------------
---------------------------------------------------------------------------------------------------------
('batch index', 100, [[46.647118, 1.432941, 6.1254234, 4.502115]])
[0.93389094]
---------------------------------------------------------------------------------------------------------
---------------------------------------------------------------------------------------------------------
('batch index', 200, [[4.3157635, 1.5499237, 2.5319333, 0.50488263]])
[0.9398364]
---------------------------------------------------------------------------------------------------------
---------------------------------------------------------------------------------------------------------
('batch index', 300, [[6.872466, 0.65458435, 5.244197, 0.5911794]])
[0.9219273]
---------------------------------------------------------------------------------------------------------
---------------------------------------------------------------------------------------------------------
('batch index', 400, [[5.440712, 1.4577961, 3.484191, 0.84290826]])
[0.88789093]
---------------------------------------------------------------------------------------------------------
----------------------------------------------------------------------------ls-----------------------------
('Accuracies', 5, 'Test', array([0.43180001]), 'Train', array([0.91850001]))
('Cost_M1', array([0.77381814]), 'Cost_M2', array([0.49976313]), 'Overall Cost', array([0.274055]))
('Entropies', [1.9990525, 1.7061739, 535.2444])
('Z cost', [[4.333441, 3.4806206, 6.348418, 3.6157813]])
---------------------------------------------------------------------------------------------------------
---------------------------------------------------------------------------------------------------------
('batch index', 0, [[13.246422, 2.2973874, 5.6666865, 3.0167756]])
[0.91532725]
---------------------------------------------------------------------------------------------------------
---------------------------------------------------------------------------------------------------------
('batch index', 100, [[39.39147, 2.9858563, 6.8443747, 3.4607012]])
[0.9264727]
---------------------------------------------------------------------------------------------------------
---------------------------------------------------------------------------------------------------------
('batch index', 200, [[9.85001, 5.9834094, 16.52375, 8.114107]])
[0.9047818]
---------------------------------------------------------------------------------------------------------
---------------------------------------------------------------------------------------------------------
('batch index', 300, [[3.1236897, 2.3941069, 11.02582, 4.8772116]])
[0.9171091]
---------------------------------------------------------------------------------------------------------
---------------------------------------------------------------------------------------------------------
('batch index', 400, [[37.255093, 0.9823175, 12.265873, 3.989922]])
[0.90098184]
---------------------------------------------------------------------------------------------------------
----------------------------------------------------------------------------ls-----------------------------
('Accuracies', 6, 'Test', array([0.40599999]), 'Train', array([0.89719999]))
('Cost_M1', array([0.78196859]), 'Cost_M2', array([0.49111784]), 'Overall Cost', array([0.29085076]))
('Entropies', [1.9644713, 1.6927314, 542.369])
('Z cost', [[14.238277, 3.9151049, 33.486855, 26.441029]])
---------------------------------------------------------------------------------------------------------
---------------------------------------------------------------------------------------------------------
('batch index', 0, [[41.12858, 2.8212261, 35.193207, 10.0996]])
[0.91269094]
---------------------------------------------------------------------------------------------------------
---------------------------------------------------------------------------------------------------------
('batch index', 100, [[16.995312, 2.4553356, 13.588978, 7.0871596]])
[0.9170909]
---------------------------------------------------------------------------------------------------------
---------------------------------------------------------------------------------------------------------
('batch index', 200, [[0.4819651, 2.560656, 15.705362, 2.4938087]])
[0.88894546]
---------------------------------------------------------------------------------------------------------
---------------------------------------------------------------------------------------------------------
('batch index', 300, [[0.8135199, 3.4736252, 14.170729, 1.9792478]])
[0.92914546]
---------------------------------------------------------------------------------------------------------
---------------------------------------------------------------------------------------------------------
('batch index', 400, [[2.579342, 1.8329046, 12.29517, 9.244742]])
[0.92603636]
---------------------------------------------------------------------------------------------------------
----------------------------------------------------------------------------ls-----------------------------
('Accuracies', 7, 'Test', array([0.42039999]), 'Train', array([0.9199]))
('Cost_M1', array([0.68302542]), 'Cost_M2', array([0.48811656]), 'Overall Cost', array([0.19490886]))
('Entropies', [1.9524662, 1.6702926, 547.4003])
('Z cost', [[2.4584913, 1.9408112, 13.9378395, 8.6434]])
---------------------------------------------------------------------------------------------------------
---------------------------------------------------------------------------------------------------------
('batch index', 0, [[1.5242273, 2.208016, 17.600113, 9.361536]])
[0.91334546]
---------------------------------------------------------------------------------------------------------
---------------------------------------------------------------------------------------------------------
('batch index', 100, [[3.3631573, 3.3984184, 14.69086, 7.487792]])
[0.9093636]
---------------------------------------------------------------------------------------------------------
---------------------------------------------------------------------------------------------------------
('batch index', 200, [[2.434317, 2.4031267, 9.1658325, 3.8919806]])
[0.92736363]
---------------------------------------------------------------------------------------------------------
---------------------------------------------------------------------------------------------------------
('batch index', 300, [[1.4419392, 0.92943245, 12.607717, 10.163164]])
[0.9242727]
---------------------------------------------------------------------------------------------------------
---------------------------------------------------------------------------------------------------------
('batch index', 400, [[4.209838, 2.1004145, 4.2384577, 6.891597]])
[0.9353818]
---------------------------------------------------------------------------------------------------------
----------------------------------------------------------------------------ls-----------------------------
('Accuracies', 8, 'Test', array([0.41440001]), 'Train', array([0.93190002]))
('Cost_M1', array([0.64018667]), 'Cost_M2', array([0.48250628]), 'Overall Cost', array([0.15768039]))
('Entropies', [1.9300251, 1.6542838, 547.7201])
('Z cost', [[2.5446877, 2.775579, 11.487366, 9.81896]])
---------------------------------------------------------------------------------------------------------
---------------------------------------------------------------------------------------------------------
('batch index', 0, [[8.614487, 1.4613851, 14.198574, 8.82649]])
[0.9349091]
---------------------------------------------------------------------------------------------------------
---------------------------------------------------------------------------------------------------------
('batch index', 100, [[2.9385803, 1.5360638, 16.643875, 2.973187]])
[0.93945456]
---------------------------------------------------------------------------------------------------------
---------------------------------------------------------------------------------------------------------
('batch index', 200, [[0.75407827, 1.8420261, 10.60207, 7.959587]])
[0.9366909]
---------------------------------------------------------------------------------------------------------
---------------------------------------------------------------------------------------------------------
('batch index', 300, [[0.53392345, 1.4711599, 12.721386, 6.281978]])
[0.9397454]
---------------------------------------------------------------------------------------------------------
---------------------------------------------------------------------------------------------------------
('batch index', 400, [[0.39264297, 1.9276495, 16.89866, 4.1718297]])
[0.9359091]
---------------------------------------------------------------------------------------------------------
----------------------------------------------------------------------------ls-----------------------------
('Accuracies', 9, 'Test', array([0.41319999]), 'Train', array([0.93339998]))
('Cost_M1', array([0.63960528]), 'Cost_M2', array([0.48153952]), 'Overall Cost', array([0.15806577]))
('Entropies', [1.9261581, 1.6528581, 554.96716])
('Z cost', [[3.7016397, 0.84918714, 15.6178665, 5.4636593]])
---------------------------------------------------------------------------------------------------------
---------------------------------------------------------------------------------------------------------
('batch index', 0, [[4.1994963, 2.120455, 3.97939, 8.374425]])
[0.9354182]
---------------------------------------------------------------------------------------------------------
---------------------------------------------------------------------------------------------------------
('batch index', 100, [[2.1445744, 1.7366045, 4.70329, 12.032594]])
[0.9330909]
---------------------------------------------------------------------------------------------------------
---------------------------------------------------------------------------------------------------------
('batch index', 200, [[0.68481183, 0.97576946, 13.744097, 8.348169]])
[0.9396909]
---------------------------------------------------------------------------------------------------------
---------------------------------------------------------------------------------------------------------
('batch index', 300, [[0.48807797, 1.9922733, 12.939547, 8.886697]])
[0.92685455]
---------------------------------------------------------------------------------------------------------
---------------------------------------------------------------------------------------------------------
('batch index', 400, [[0.68133223, 1.3812773, 10.975792, 4.9547153]])
[0.9407273]
---------------------------------------------------------------------------------------------------------
----------------------------------------------------------------------------ls-----------------------------
('Accuracies', 10, 'Test', array([0.39700001]), 'Train', array([0.92879999]))
('Cost_M1', array([0.63734162]), 'Cost_M2', array([0.48067975]), 'Overall Cost', array([0.15666187]))
('Entropies', [1.922719, 1.6677392, 557.0389])
('Z cost', [[0.7644813, 1.5843678, 8.479743, 11.156797]])
---------------------------------------------------------------------------------------------------------
---------------------------------------------------------------------------------------------------------
('batch index', 0, [[1.657899, 1.8963747, 16.760906, 11.723961]])
[0.93227273]
---------------------------------------------------------------------------------------------------------
---------------------------------------------------------------------------------------------------------
('batch index', 100, [[6.459037, 2.3698497, 61.18118, 17.585203]])
[0.92538184]
---------------------------------------------------------------------------------------------------------
---------------------------------------------------------------------------------------------------------
('batch index', 200, [[0.41537642, 0.9990212, 30.678772, 11.186104]])
[0.9355091]
---------------------------------------------------------------------------------------------------------
---------------------------------------------------------------------------------------------------------
('batch index', 300, [[0.8113531, 0.8147771, 7.2841926, 5.163473]])
[0.93227273]
---------------------------------------------------------------------------------------------------------
---------------------------------------------------------------------------------------------------------
('batch index', 400, [[0.22905946, 1.9922793, 29.173712, 17.084011]])
[0.93512726]
---------------------------------------------------------------------------------------------------------
----------------------------------------------------------------------------ls-----------------------------
('Accuracies', 11, 'Test', array([0.38929999]), 'Train', array([0.9314]))
('Cost_M1', array([0.65092838]), 'Cost_M2', array([0.48483345]), 'Overall Cost', array([0.16609493]))
('Entropies', [1.9393338, 1.6989332, 564.31287])
('Z cost', [[1.0608783, 0.5646117, 15.190812, 10.783603]])
---------------------------------------------------------------------------------------------------------
---------------------------------------------------------------------------------------------------------
('batch index', 0, [[2.2697313, 0.76916444, 10.303947, 10.100145]])
[0.9376]
---------------------------------------------------------------------------------------------------------
---------------------------------------------------------------------------------------------------------
('batch index', 100, [[19.234703, 0.7146088, 4.9540243, 14.239504]])
[0.9205091]
---------------------------------------------------------------------------------------------------------
---------------------------------------------------------------------------------------------------------
('batch index', 200, [[1.619729, 0.64989865, 8.776299, 20.53558]])
[0.91545457]
---------------------------------------------------------------------------------------------------------
---------------------------------------------------------------------------------------------------------
('batch index', 300, [[0.8178981, 1.0041201, 9.004067, 8.010119]])
[0.8968545]
---------------------------------------------------------------------------------------------------------
---------------------------------------------------------------------------------------------------------
('batch index', 400, [[0.7733409, 0.80303025, 10.333003, 8.514818]])
[0.8992182]
---------------------------------------------------------------------------------------------------------
----------------------------------------------------------------------------ls-----------------------------
('Accuracies', 12, 'Test', array([0.3793]), 'Train', array([0.91189998]))
('Cost_M1', array([0.73873127]), 'Cost_M2', array([0.49674386]), 'Overall Cost', array([0.24198741]))
('Entropies', [1.9869754, 1.7731699, 566.94714])
('Z cost', [[1.0182796, 2.244011, 15.108137, 14.509346]])
---------------------------------------------------------------------------------------------------------
---------------------------------------------------------------------------------------------------------
('batch index', 0, [[2.0613973, 1.3922334, 16.051708, 8.098684]])
[0.91956365]
---------------------------------------------------------------------------------------------------------
---------------------------------------------------------------------------------------------------------
('batch index', 100, [[13.5916195, 3.0646605, 35.62043, 36.363556]])
[0.8854727]
---------------------------------------------------------------------------------------------------------
---------------------------------------------------------------------------------------------------------
('batch index', 200, [[5.0288835, 7.375144, 60.355835, 32.93238]])
[0.7420909]
---------------------------------------------------------------------------------------------------------
---------------------------------------------------------------------------------------------------------
('batch index', 300, [[1.6347852, 5.5221357, 44.4066, 24.513939]])
[0.91449094]
---------------------------------------------------------------------------------------------------------
---------------------------------------------------------------------------------------------------------
('batch index', 400, [[1.5879804, 1.7967176, 10.7039, 9.658737]])
[0.8724545]
---------------------------------------------------------------------------------------------------------
----------------------------------------------------------------------------ls-----------------------------
('Accuracies', 13, 'Test', array([0.3547]), 'Train', array([0.86720002]))
('Cost_M1', array([0.83130926]), 'Cost_M2', array([0.50732768]), 'Overall Cost', array([0.32398158]))
('Entropies', [2.0293107, 1.8870755, 569.53674])
('Z cost', [[1.0648973, 2.4113083, 13.538336, 10.180764]])
---------------------------------------------------------------------------------------------------------
---------------------------------------------------------------------------------------------------------
('batch index', 0, [[4.8199444, 1.3284518, 24.47648, 8.929641]])
[0.86823636]
---------------------------------------------------------------------------------------------------------
---------------------------------------------------------------------------------------------------------
('batch index', 100, [[5.054844, 2.3983636, 18.087536, 7.1010427]])
[0.8322]
---------------------------------------------------------------------------------------------------------
---------------------------------------------------------------------------------------------------------
('batch index', 200, [[0.40112472, 1.0582256, 13.70849, 14.975052]])
[0.89467275]
---------------------------------------------------------------------------------------------------------
---------------------------------------------------------------------------------------------------------
('batch index', 300, [[1.9664043, 2.2654064, 44.519157, 11.585957]])
[0.8667455]
---------------------------------------------------------------------------------------------------------
---------------------------------------------------------------------------------------------------------
('batch index', 400, [[0.4805002, 2.3835187, 12.86633, 9.715043]])
[0.88116366]
---------------------------------------------------------------------------------------------------------
----------------------------------------------------------------------------ls-----------------------------
('Accuracies', 14, 'Test', array([0.3281]), 'Train', array([0.87989998]))
('Cost_M1', array([0.79136741]), 'Cost_M2', array([0.50421351]), 'Overall Cost', array([0.2871539]))
('Entropies', [2.016854, 1.8752074, 575.50684])
('Z cost', [[1.2475286, 1.9344656, 24.359896, 11.264912]])
---------------------------------------------------------------------------------------------------------
---------------------------------------------------------------------------------------------------------
('batch index', 0, [[6.6310883, 1.6865928, 28.180258, 20.970123]])
[0.8878]
---------------------------------------------------------------------------------------------------------
---------------------------------------------------------------------------------------------------------
('batch index', 100, [[25.062534, 1.7907461, 20.16925, 4.921735]])
[0.6406]
---------------------------------------------------------------------------------------------------------
---------------------------------------------------------------------------------------------------------
('batch index', 200, [[0.7586234, 2.9531274, 23.756418, 21.276423]])
[0.7975091]
---------------------------------------------------------------------------------------------------------
---------------------------------------------------------------------------------------------------------
('batch index', 300, [[2.2082155, 0.601989, 11.835631, 4.6227117]])
[0.81383634]
---------------------------------------------------------------------------------------------------------
---------------------------------------------------------------------------------------------------------
('batch index', 400, [[0.9224499, 2.0119865, 24.05356, 28.212324]])
[0.828]
---------------------------------------------------------------------------------------------------------
----------------------------------------------------------------------------ls-----------------------------
('Accuracies', 15, 'Test', array([0.3184]), 'Train', array([0.86629999]))
('Cost_M1', array([0.82147801]), 'Cost_M2', array([0.51219893]), 'Overall Cost', array([0.30927908]))
('Entropies', [2.0487957, 1.8634498, 590.34424])
('Z cost', [[0.5581903, 1.689139, 26.103233, 17.76008]])
---------------------------------------------------------------------------------------------------------
---------------------------------------------------------------------------------------------------------
('batch index', 0, [[3.7900004, 1.6755406, 18.938272, 18.675943]])
[0.87701815]
---------------------------------------------------------------------------------------------------------
---------------------------------------------------------------------------------------------------------
('batch index', 100, [[12.301189, 2.556376, 23.091877, 24.695004]])
[0.8579636]
---------------------------------------------------------------------------------------------------------
---------------------------------------------------------------------------------------------------------
('batch index', 200, [[2.6515012, 3.9690726, 11.375561, 10.102175]])
[0.81929094]
---------------------------------------------------------------------------------------------------------
---------------------------------------------------------------------------------------------------------
('batch index', 300, [[3.2764835, 4.610113, 77.43418, 35.055695]])
[0.7947636]
---------------------------------------------------------------------------------------------------------
---------------------------------------------------------------------------------------------------------
('batch index', 400, [[0.728276, 2.7073753, 28.653475, 14.307056]])
[0.82814544]
---------------------------------------------------------------------------------------------------------
----------------------------------------------------------------------------ls-----------------------------
('Accuracies', 16, 'Test', array([0.317]), 'Train', array([0.80019999]))
('Cost_M1', array([0.82123113]), 'Cost_M2', array([0.51700914]), 'Overall Cost', array([0.30422199]))
('Entropies', [2.0680366, 1.8886753, 592.66943])
('Z cost', [[1.4826716, 2.7137012, 12.925743, 23.908365]])
---------------------------------------------------------------------------------------------------------
---------------------------------------------------------------------------------------------------------
('batch index', 0, [[10.362255, 1.7861257, 11.624559, 16.790848]])
[0.78254545]
---------------------------------------------------------------------------------------------------------
---------------------------------------------------------------------------------------------------------
('batch index', 100, [[8.344291, 8.0668955, 83.25414, 19.856678]])
[0.86505455]
---------------------------------------------------------------------------------------------------------
---------------------------------------------------------------------------------------------------------
('batch index', 200, [[0.6292619, 3.378755, 49.798485, 46.433167]])
[0.8585455]
---------------------------------------------------------------------------------------------------------
---------------------------------------------------------------------------------------------------------
('batch index', 300, [[0.8657603, 1.264279, 5.0077825, 9.646451]])
[0.8564182]
---------------------------------------------------------------------------------------------------------
---------------------------------------------------------------------------------------------------------
('batch index', 400, [[1.0246112, 2.0083516, 11.436758, 10.087982]])
[0.80216366]
---------------------------------------------------------------------------------------------------------
----------------------------------------------------------------------------ls-----------------------------
('Accuracies', 17, 'Test', array([0.32699999]), 'Train', array([0.83939999]))
('Cost_M1', array([0.7754932]), 'Cost_M2', array([0.50770932]), 'Overall Cost', array([0.26778388]))
('Entropies', [2.0308373, 1.8406793, 601.25977])
('Z cost', [[0.5031574, 2.0225458, 9.775646, 22.749882]])
---------------------------------------------------------------------------------------------------------
---------------------------------------------------------------------------------------------------------
('batch index', 0, [[3.3585439, 1.5380622, 8.203235, 17.525917]])
[0.8423273]
---------------------------------------------------------------------------------------------------------
---------------------------------------------------------------------------------------------------------
('batch index', 100, [[4.577839, 1.7742406, 6.0496664, 28.695824]])
[0.9019273]
---------------------------------------------------------------------------------------------------------
---------------------------------------------------------------------------------------------------------
('batch index', 200, [[0.47114703, 1.1017727, 8.062609, 7.9655585]])
[0.79890907]
---------------------------------------------------------------------------------------------------------
---------------------------------------------------------------------------------------------------------
('batch index', 300, [[2.732572, 17.171782, 128.77318, 273.49316]])
[0.7976]
---------------------------------------------------------------------------------------------------------
---------------------------------------------------------------------------------------------------------
('batch index', 400, [[1.5515237, 1.5871751, 8.287592, 14.733454]])
[0.7751273]
---------------------------------------------------------------------------------------------------------
----------------------------------------------------------------------------ls-----------------------------
('Accuracies', 18, 'Test', array([0.26609999]), 'Train', array([0.66170001]))
('Cost_M1', array([1.04675376]), 'Cost_M2', array([0.53667152]), 'Overall Cost', array([0.51008224]))
('Entropies', [2.146686, 2.030798, 624.49005])
('Z cost', [[1.4677689, 4.59658, 22.23529, 29.785866]])
---------------------------------------------------------------------------------------------------------
---------------------------------------------------------------------------------------------------------
('batch index', 0, [[12.376265, 17.887592, 20.42949, 17.15346]])
[0.6999636]
---------------------------------------------------------------------------------------------------------
---------------------------------------------------------------------------------------------------------
('batch index', 100, [[4.813833, 1.211708, 2.1575935, 12.878182]])
[0.75472724]
---------------------------------------------------------------------------------------------------------
---------------------------------------------------------------------------------------------------------
('batch index', 200, [[1.8066618, 11.794924, 35.85682, 107.2724]])
[0.71943635]
---------------------------------------------------------------------------------------------------------
---------------------------------------------------------------------------------------------------------
('batch index', 300, [[1.3867997, 3.1110454, 13.196939, 11.674326]])
[0.65125453]
---------------------------------------------------------------------------------------------------------
---------------------------------------------------------------------------------------------------------
('batch index', 400, [[4.453333, 1.1342881, 10.353589, 15.5358715]])
[0.6655273]
---------------------------------------------------------------------------------------------------------
----------------------------------------------------------------------------ls-----------------------------
('Accuracies', 19, 'Test', array([0.28369999]), 'Train', array([0.7141]))
('Cost_M1', array([0.95140505]), 'Cost_M2', array([0.52964711]), 'Overall Cost', array([0.42175794]))
('Entropies', [2.1185884, 1.9899191, 634.6982])
('Z cost', [[7.8686004, 2.8109634, 43.903854, 101.511116]])
---------------------------------------------------------------------------------------------------------
---------------------------------------------------------------------------------------------------------
('batch index', 0, [[33.51214, 1.3973682, 37.036755, 75.4921]])
[0.72136366]
---------------------------------------------------------------------------------------------------------
---------------------------------------------------------------------------------------------------------
('batch index', 100, [[3.8735912, 5.2065973, 10.848907, 25.275398]])
[0.7535818]
---------------------------------------------------------------------------------------------------------
---------------------------------------------------------------------------------------------------------
('batch index', 200, [[2.6571374, 8.895977, 13.063621, 41.542404]])
[0.69789094]
---------------------------------------------------------------------------------------------------------
---------------------------------------------------------------------------------------------------------
('batch index', 300, [[2.8738928, 4.6172476, 13.709322, 56.673798]])
[0.7562364]
---------------------------------------------------------------------------------------------------------
---------------------------------------------------------------------------------------------------------
('batch index', 400, [[0.4056438, 1.4588854, 12.138197, 48.30497]])
[0.68252724]
---------------------------------------------------------------------------------------------------------
----------------------------------------------------------------------------ls-----------------------------
('Accuracies', 20, 'Test', array([0.26460001]), 'Train', array([0.56840003]))
('Cost_M1', array([1.1164254]), 'Cost_M2', array([0.54306436]), 'Overall Cost', array([0.57336104]))
('Entropies', [2.1722574, 1.9639903, 654.2803])
('Z cost', [[1.3648256, 4.4489374, 31.676704, 93.94718]])
---------------------------------------------------------------------------------------------------------
---------------------------------------------------------------------------------------------------------
('batch index', 0, [[5.5546722, 4.2911777, 23.204033, 80.11799]])
[0.63618183]
---------------------------------------------------------------------------------------------------------
---------------------------------------------------------------------------------------------------------
('batch index', 100, [[9.553036, 3.0250928, 6.9263334, 30.71914]])
[0.61985457]
---------------------------------------------------------------------------------------------------------
---------------------------------------------------------------------------------------------------------
('batch index', 200, [[5.4497128, 3.1026177, 37.709267, 58.72797]])
[0.44363636]
---------------------------------------------------------------------------------------------------------
---------------------------------------------------------------------------------------------------------
('batch index', 300, [[0.7383961, 8.833022, 48.879547, 68.96907]])
[0.5716909]
---------------------------------------------------------------------------------------------------------
---------------------------------------------------------------------------------------------------------
('batch index', 400, [[1.8189391, 1.6224267, 13.392715, 30.82158]])
[0.7005818]
---------------------------------------------------------------------------------------------------------
----------------------------------------------------------------------------ls-----------------------------
('Accuracies', 21, 'Test', array([0.2489]), 'Train', array([0.56879997]))
('Cost_M1', array([1.1542877]), 'Cost_M2', array([0.55055022]), 'Overall Cost', array([0.60373747]))
('Entropies', [2.202201, 2.0165575, 664.60846])
('Z cost', [[1.9652872, 5.549242, 66.14841, 86.097305]])
---------------------------------------------------------------------------------------------------------
---------------------------------------------------------------------------------------------------------
('batch index', 0, [[10.671491, 3.8426344, 42.05719, 76.706345]])
[0.58778185]
---------------------------------------------------------------------------------------------------------
---------------------------------------------------------------------------------------------------------
('batch index', 100, [[6.091138, 1.7321248, 19.70266, 37.29426]])
[0.67047274]
---------------------------------------------------------------------------------------------------------
---------------------------------------------------------------------------------------------------------
('batch index', 200, [[1.377934, 1.7596741, 8.726654, 68.02582]])
[0.7445091]
---------------------------------------------------------------------------------------------------------
---------------------------------------------------------------------------------------------------------
('batch index', 300, [[0.6106301, 1.8836218, 16.810286, 26.121326]])
[0.549]
---------------------------------------------------------------------------------------------------------
---------------------------------------------------------------------------------------------------------
('batch index', 400, [[1.8707671, 1.2376485, 26.562565, 114.58835]])
[0.61487275]
---------------------------------------------------------------------------------------------------------
----------------------------------------------------------------------------ls-----------------------------
('Accuracies', 22, 'Test', array([0.26699999]), 'Train', array([0.70139998]))
('Cost_M1', array([1.0453167]), 'Cost_M2', array([0.54399085]), 'Overall Cost', array([0.50132585]))
('Entropies', [2.1759634, 2.018977, 676.3563])
('Z cost', [[0.9169762, 2.778344, 8.454455, 47.91356]])
---------------------------------------------------------------------------------------------------------
---------------------------------------------------------------------------------------------------------
('batch index', 0, [[1.9572432, 2.5601735, 8.678257, 33.056934]])
[0.6675818]
---------------------------------------------------------------------------------------------------------
---------------------------------------------------------------------------------------------------------
('batch index', 100, [[2.7889392, 0.7009476, 5.2422085, 5.423003]])
[0.5452]
---------------------------------------------------------------------------------------------------------
---------------------------------------------------------------------------------------------------------
('batch index', 200, [[1.138022, 1.7706835, 7.3931894, 26.920338]])
[0.58058184]
---------------------------------------------------------------------------------------------------------
---------------------------------------------------------------------------------------------------------
('batch index', 300, [[2.131288, 3.9944649, 30.332914, 63.28428]])
[0.5839818]
---------------------------------------------------------------------------------------------------------
---------------------------------------------------------------------------------------------------------
('batch index', 400, [[0.7075446, 2.5380023, 14.3972645, 17.456467]])
[0.73965454]
---------------------------------------------------------------------------------------------------------
----------------------------------------------------------------------------ls-----------------------------
('Accuracies', 23, 'Test', array([0.2965]), 'Train', array([0.74559999]))
('Cost_M1', array([1.0272814]), 'Cost_M2', array([0.53478032]), 'Overall Cost', array([0.49250108]))
('Entropies', [2.1391213, 2.00912, 687.5698])
('Z cost', [[1.0497855, 1.9134717, 4.329549, 22.556204]])
---------------------------------------------------------------------------------------------------------
---------------------------------------------------------------------------------------------------------
('batch index', 0, [[8.099276, 1.3264453, 4.0867195, 16.00987]])
[0.7290182]
---------------------------------------------------------------------------------------------------------
---------------------------------------------------------------------------------------------------------
('batch index', 100, [[4.63638, 6.6486616, 55.66003, 246.07198]])
[0.55265456]
---------------------------------------------------------------------------------------------------------
---------------------------------------------------------------------------------------------------------
('batch index', 200, [[2.3214283, 1.9020611, 14.833633, 84.78736]])
[0.7133273]
---------------------------------------------------------------------------------------------------------
---------------------------------------------------------------------------------------------------------
('batch index', 300, [[0.9841665, 4.035921, 9.29656, 5.8395276]])
[0.5926909]
---------------------------------------------------------------------------------------------------------
---------------------------------------------------------------------------------------------------------
('batch index', 400, [[2.275898, 1.5146592, 7.3693304, 24.30083]])
[0.66243637]
---------------------------------------------------------------------------------------------------------
----------------------------------------------------------------------------ls-----------------------------
('Accuracies', 24, 'Test', array([0.29499999]), 'Train', array([0.66939998]))
('Cost_M1', array([1.05142474]), 'Cost_M2', array([0.54414243]), 'Overall Cost', array([0.50728232]))
('Entropies', [2.1765697, 2.0023797, 700.63635])
('Z cost', [[1.8491516, 0.7159969, 7.340819, 19.364126]])
---------------------------------------------------------------------------------------------------------
---------------------------------------------------------------------------------------------------------
('batch index', 0, [[9.135438, 0.96531236, 6.021396, 16.930386]])
[0.68194544]
---------------------------------------------------------------------------------------------------------
---------------------------------------------------------------------------------------------------------
('batch index', 100, [[4.4703236, 2.7547474, 14.089059, 72.39251]])
[0.61145455]
---------------------------------------------------------------------------------------------------------
---------------------------------------------------------------------------------------------------------
('batch index', 200, [[2.9157786, 2.4551227, 38.13215, 71.93569]])
[0.69505453]
---------------------------------------------------------------------------------------------------------
---------------------------------------------------------------------------------------------------------
('batch index', 300, [[2.333355, 1.1556937, 5.276267, 10.54495]])
[0.6150182]
---------------------------------------------------------------------------------------------------------
---------------------------------------------------------------------------------------------------------
('batch index', 400, [[1.1117074, 2.9169383, 7.339017, 24.430702]])
[0.63156366]
---------------------------------------------------------------------------------------------------------
----------------------------------------------------------------------------ls-----------------------------
('Accuracies', 25, 'Test', array([0.25299999]), 'Train', array([0.65310001]))
('Cost_M1', array([1.18798649]), 'Cost_M2', array([0.54386455]), 'Overall Cost', array([0.64412194]))
('Entropies', [2.1754582, 2.0401652, 721.7848])
('Z cost', [[0.54983646, 10.906992, 72.3136, 216.0455]])
---------------------------------------------------------------------------------------------------------
---------------------------------------------------------------------------------------------------------
('batch index', 0, [[5.593005, 6.2690067, 59.357708, 145.29291]])
[0.64245456]
---------------------------------------------------------------------------------------------------------
---------------------------------------------------------------------------------------------------------
('batch index', 100, [[2.4067404, 1.2675332, 10.246549, 19.076893]])
[0.6320364]
---------------------------------------------------------------------------------------------------------
---------------------------------------------------------------------------------------------------------
('batch index', 200, [[13.534562, 4.3666964, 55.593628, 216.28043]])
[0.5479818]
---------------------------------------------------------------------------------------------------------
---------------------------------------------------------------------------------------------------------
('batch index', 300, [[1.9031107, 2.278377, 14.556443, 42.620056]])
[0.6898182]
---------------------------------------------------------------------------------------------------------
---------------------------------------------------------------------------------------------------------
('batch index', 400, [[1.4686865, 4.071646, 23.51725, 48.120598]])
[0.6319636]
---------------------------------------------------------------------------------------------------------
----------------------------------------------------------------------------ls-----------------------------
('Accuracies', 26, 'Test', array([0.25549999]), 'Train', array([0.6929]))
('Cost_M1', array([1.14049339]), 'Cost_M2', array([0.54931164]), 'Overall Cost', array([0.59118176]))
('Entropies', [2.1972466, 2.0571177, 724.7344])
('Z cost', [[3.7475476, 3.6687117, 23.513683, 34.49976]])
---------------------------------------------------------------------------------------------------------
---------------------------------------------------------------------------------------------------------
('batch index', 0, [[9.825132, 2.621377, 20.785812, 16.756092]])
[0.72958183]
---------------------------------------------------------------------------------------------------------
---------------------------------------------------------------------------------------------------------
('batch index', 100, [[2.7911074, 1.441391, 3.3034399, 18.467697]])
[0.78852725]
---------------------------------------------------------------------------------------------------------
---------------------------------------------------------------------------------------------------------
('batch index', 200, [[1.460945, 2.0152612, 10.579198, 55.436028]])
[0.6376]
---------------------------------------------------------------------------------------------------------
---------------------------------------------------------------------------------------------------------
('batch index', 300, [[3.0444236, 4.254738, 27.9179, 48.56012]])
[0.79065454]
---------------------------------------------------------------------------------------------------------
---------------------------------------------------------------------------------------------------------
('batch index', 400, [[0.53748596, 1.49525, 3.3969634, 14.002247]])
[0.84934545]
---------------------------------------------------------------------------------------------------------
----------------------------------------------------------------------------ls-----------------------------
('Accuracies', 27, 'Test', array([0.322]), 'Train', array([0.82700002]))
('Cost_M1', array([1.10030842]), 'Cost_M2', array([0.55059391]), 'Overall Cost', array([0.54971451]))
('Entropies', [2.2023757, 1.9494874, 746.4005])
('Z cost', [[1.2257128, 3.463715, 7.5576034, 19.640614]])
---------------------------------------------------------------------------------------------------------
---------------------------------------------------------------------------------------------------------
('batch index', 0, [[2.4487073, 0.5955285, 3.694285, 16.923672]])
[0.8288364]
---------------------------------------------------------------------------------------------------------
---------------------------------------------------------------------------------------------------------
('batch index', 100, [[5.4277534, 1.343106, 10.320354, 25.675175]])
[0.75003636]
---------------------------------------------------------------------------------------------------------
---------------------------------------------------------------------------------------------------------
('batch index', 200, [[0.7735901, 2.3386884, 16.64133, 43.96517]])
[0.80203635]
---------------------------------------------------------------------------------------------------------
---------------------------------------------------------------------------------------------------------
('batch index', 300, [[2.8514047, 1.3044171, 5.1459274, 19.964378]])
[0.7512909]
---------------------------------------------------------------------------------------------------------
---------------------------------------------------------------------------------------------------------
('batch index', 400, [[0.81866205, 0.5070164, 6.654018, 18.258524]])
[0.76198184]
---------------------------------------------------------------------------------------------------------
----------------------------------------------------------------------------ls-----------------------------
('Accuracies', 28, 'Test', array([0.30759999]), 'Train', array([0.81620002]))
('Cost_M1', array([1.14930737]), 'Cost_M2', array([0.54927355]), 'Overall Cost', array([0.60003382]))
('Entropies', [2.1970942, 1.9550396, 750.14355])
('Z cost', [[1.6539273, 1.5561835, 11.6164255, 22.029783]])
---------------------------------------------------------------------------------------------------------
---------------------------------------------------------------------------------------------------------
('batch index', 0, [[15.727577, 1.5243502, 9.938653, 19.664196]])
[0.78754544]
---------------------------------------------------------------------------------------------------------
---------------------------------------------------------------------------------------------------------
('batch index', 100, [[3.513866, 5.55284, 65.27682, 297.5488]])
[0.8044]
---------------------------------------------------------------------------------------------------------
---------------------------------------------------------------------------------------------------------
('batch index', 200, [[2.5694213, 1.2910552, 3.5065403, 6.7297726]])
[0.7836364]
---------------------------------------------------------------------------------------------------------
---------------------------------------------------------------------------------------------------------
('batch index', 300, [[7.963201, 0.80437, 5.425707, 23.971088]])
[0.7706182]
---------------------------------------------------------------------------------------------------------
---------------------------------------------------------------------------------------------------------
('batch index', 400, [[0.9166651, 1.7338442, 7.981651, 26.73666]])
[0.79263633]
---------------------------------------------------------------------------------------------------------
----------------------------------------------------------------------------ls-----------------------------
('Accuracies', 29, 'Test', array([0.3105]), 'Train', array([0.80119997]))
('Cost_M1', array([1.09786165]), 'Cost_M2', array([0.54734671]), 'Overall Cost', array([0.55051494]))
('Entropies', [2.1893868, 1.9451753, 757.00854])
('Z cost', [[0.60678995, 0.48052418, 2.8597574, 12.985298]])
---------------------------------------------------------------------------------------------------------
---------------------------------------------------------------------------------------------------------
('batch index', 0, [[4.02364, 1.2344851, 5.5448318, 28.74427]])
[0.8306364]
---------------------------------------------------------------------------------------------------------
---------------------------------------------------------------------------------------------------------
('batch index', 100, [[3.6910362, 1.1853034, 3.2021713, 11.163328]])
[0.734]
---------------------------------------------------------------------------------------------------------
---------------------------------------------------------------------------------------------------------
('batch index', 200, [[1.1556698, 1.3020661, 11.672084, 44.713448]])
[0.76010907]
---------------------------------------------------------------------------------------------------------
---------------------------------------------------------------------------------------------------------
('batch index', 300, [[1.6207228, 1.5786833, 4.9601192, 7.6316385]])
[0.77632725]
---------------------------------------------------------------------------------------------------------
---------------------------------------------------------------------------------------------------------
('batch index', 400, [[7.2891736, 7.583936, 65.27844, 164.70317]])
[0.8338364]
---------------------------------------------------------------------------------------------------------
----------------------------------------------------------------------------ls-----------------------------
('Accuracies', 30, 'Test', array([0.3556]), 'Train', array([0.80440003]))
('Cost_M1', array([1.11503184]), 'Cost_M2', array([0.53897643]), 'Overall Cost', array([0.57605541]))
('Entropies', [2.1559057, 1.9388624, 759.15247])
('Z cost', [[3.4767494, 2.17171, 12.584547, 3.9501276]])
---------------------------------------------------------------------------------------------------------
---------------------------------------------------------------------------------------------------------
('batch index', 0, [[6.2160215, 1.5120384, 9.744133, 7.002549]])
[0.8429818]
---------------------------------------------------------------------------------------------------------
---------------------------------------------------------------------------------------------------------
('batch index', 100, [[3.2422955, 1.9054226, 10.5960045, 21.474024]])
[0.7796182]
---------------------------------------------------------------------------------------------------------
---------------------------------------------------------------------------------------------------------
('batch index', 200, [[1.5064113, 1.2593944, 16.130592, 30.925676]])
[0.75543636]
---------------------------------------------------------------------------------------------------------
---------------------------------------------------------------------------------------------------------
('batch index', 300, [[1.4912996, 1.0448184, 8.257777, 12.371221]])
[0.788]
---------------------------------------------------------------------------------------------------------
---------------------------------------------------------------------------------------------------------
('batch index', 400, [[3.2725434, 0.95265, 8.534998, 14.055166]])
[0.79727274]
---------------------------------------------------------------------------------------------------------
----------------------------------------------------------------------------ls-----------------------------
('Accuracies', 31, 'Test', array([0.33930001]), 'Train', array([0.7586]))
('Cost_M1', array([1.22775865]), 'Cost_M2', array([0.55170095]), 'Overall Cost', array([0.6760577]))
('Entropies', [2.2068038, 2.0602202, 759.47534])
('Z cost', [[1.4766822, 1.7309461, 5.814332, 11.475979]])
---------------------------------------------------------------------------------------------------------
---------------------------------------------------------------------------------------------------------
('batch index', 0, [[10.855803, 1.2792385, 5.813595, 15.166356]])
[0.796]
---------------------------------------------------------------------------------------------------------
---------------------------------------------------------------------------------------------------------
('batch index', 100, [[4.5006514, 11.878149, 4.778236, 7.212536]])
[0.76354545]
---------------------------------------------------------------------------------------------------------
---------------------------------------------------------------------------------------------------------
('batch index', 200, [[1.8795255, 1.1979154, 6.456506, 24.880032]])
[0.79163635]
---------------------------------------------------------------------------------------------------------
---------------------------------------------------------------------------------------------------------
('batch index', 300, [[1.765257, 1.2484472, 5.6277523, 25.356762]])
[0.8018182]
---------------------------------------------------------------------------------------------------------
---------------------------------------------------------------------------------------------------------
('batch index', 400, [[1.9117622, 2.1402745, 34.652496, 31.936857]])
[0.8077818]
---------------------------------------------------------------------------------------------------------
----------------------------------------------------------------------------ls-----------------------------
('Accuracies', 32, 'Test', array([0.3391]), 'Train', array([0.74809998]))
('Cost_M1', array([1.08656001]), 'Cost_M2', array([0.54717368]), 'Overall Cost', array([0.53938633]))
('Entropies', [2.1886947, 1.961595, 767.8619])
('Z cost', [[5.4111843, 1.5296402, 14.805442, 21.831274]])
---------------------------------------------------------------------------------------------------------
---------------------------------------------------------------------------------------------------------
('batch index', 0, [[32.094475, 1.0074639, 12.240857, 15.674919]])
[0.7733818]
---------------------------------------------------------------------------------------------------------
---------------------------------------------------------------------------------------------------------
('batch index', 100, [[1.9598315, 0.6052335, 5.673587, 12.390905]])
[0.7685091]
---------------------------------------------------------------------------------------------------------
---------------------------------------------------------------------------------------------------------
('batch index', 200, [[8.89148, 1.0291612, 10.328367, 17.659542]])
[0.81165457]
---------------------------------------------------------------------------------------------------------
---------------------------------------------------------------------------------------------------------
('batch index', 300, [[2.766676, 2.3456442, 42.69954, 89.39606]])
[0.7902]
---------------------------------------------------------------------------------------------------------
---------------------------------------------------------------------------------------------------------
('batch index', 400, [[4.285178, 4.4413843, 6.9080234, 31.568031]])
[0.7709636]
---------------------------------------------------------------------------------------------------------
----------------------------------------------------------------------------ls-----------------------------
('Accuracies', 33, 'Test', array([0.32089999]), 'Train', array([0.7087]))
('Cost_M1', array([1.04625821]), 'Cost_M2', array([0.54536664]), 'Overall Cost', array([0.50089157]))
('Entropies', [2.1814666, 1.9586602, 778.24066])
('Z cost', [[1.559039, 1.6188481, 5.694497, 18.857964]])
---------------------------------------------------------------------------------------------------------
---------------------------------------------------------------------------------------------------------
('batch index', 0, [[6.3258667, 1.0518128, 5.342413, 12.442072]])
[0.7308546]
---------------------------------------------------------------------------------------------------------
---------------------------------------------------------------------------------------------------------
('batch index', 100, [[16.423332, 1.5483342, 6.521968, 20.605452]])
[0.70838183]
---------------------------------------------------------------------------------------------------------
---------------------------------------------------------------------------------------------------------
('batch index', 200, [[6.0597334, 3.2557802, 6.3514175, 15.460565]])
[0.7526364]
---------------------------------------------------------------------------------------------------------
---------------------------------------------------------------------------------------------------------
('batch index', 300, [[1.1128345, 2.1564155, 7.4941072, 8.25005]])
[0.7564909]
---------------------------------------------------------------------------------------------------------
---------------------------------------------------------------------------------------------------------
('batch index', 400, [[1.0202099, 1.2127267, 6.7523613, 10.165627]])
[0.78589094]
---------------------------------------------------------------------------------------------------------
----------------------------------------------------------------------------ls-----------------------------
('Accuracies', 34, 'Test', array([0.36219999]), 'Train', array([0.75880003]))
('Cost_M1', array([0.97446483]), 'Cost_M2', array([0.54340571]), 'Overall Cost', array([0.43105912]))
('Entropies', [2.1736228, 1.9350911, 783.8668])
('Z cost', [[0.78907, 0.7630999, 5.5843067, 17.238007]])
---------------------------------------------------------------------------------------------------------
---------------------------------------------------------------------------------------------------------
('batch index', 0, [[4.8993144, 1.2097223, 4.6088667, 12.43469]])
[0.7955091]
---------------------------------------------------------------------------------------------------------
---------------------------------------------------------------------------------------------------------
('batch index', 100, [[3.9667323, 2.1335964, 13.235724, 20.406036]])
[0.7599273]
---------------------------------------------------------------------------------------------------------
---------------------------------------------------------------------------------------------------------
('batch index', 200, [[2.3314056, 1.358542, 6.746265, 13.489486]])
[0.74685454]
---------------------------------------------------------------------------------------------------------
---------------------------------------------------------------------------------------------------------
('batch index', 300, [[0.95257026, 0.5019464, 7.2320867, 12.16029]])
[0.6350727]
---------------------------------------------------------------------------------------------------------
---------------------------------------------------------------------------------------------------------
('batch index', 400, [[0.9712168, 2.8728163, 19.587921, 25.923386]])
[0.80274546]
---------------------------------------------------------------------------------------------------------
----------------------------------------------------------------------------ls-----------------------------
('Accuracies', 35, 'Test', array([0.36399999]), 'Train', array([0.76709998]))
('Cost_M1', array([1.04745746]), 'Cost_M2', array([0.53689498]), 'Overall Cost', array([0.51056248]))
('Entropies', [2.14758, 1.9553467, 792.731])
('Z cost', [[1.4032881, 1.8531196, 6.576027, 11.870506]])
---------------------------------------------------------------------------------------------------------
---------------------------------------------------------------------------------------------------------
('batch index', 0, [[10.98576, 1.0866834, 9.612365, 15.763508]])
[0.78958184]
---------------------------------------------------------------------------------------------------------
---------------------------------------------------------------------------------------------------------
('batch index', 100, [[2.726158, 1.5883694, 15.216537, 13.623093]])
[0.74145454]
---------------------------------------------------------------------------------------------------------
---------------------------------------------------------------------------------------------------------
('batch index', 200, [[1.7556245, 2.694109, 14.964978, 45.947586]])
[0.6663091]
---------------------------------------------------------------------------------------------------------
---------------------------------------------------------------------------------------------------------
('batch index', 300, [[1.3657343, 2.2241013, 12.105831, 22.45762]])
[0.6592909]
---------------------------------------------------------------------------------------------------------
---------------------------------------------------------------------------------------------------------
('batch index', 400, [[0.9333338, 1.1771414, 7.910994, 15.35252]])
[0.71567273]
---------------------------------------------------------------------------------------------------------
----------------------------------------------------------------------------ls-----------------------------
('Accuracies', 36, 'Test', array([0.34119999]), 'Train', array([0.68629998]))
('Cost_M1', array([1.01905608]), 'Cost_M2', array([0.54851973]), 'Overall Cost', array([0.47053635]))
('Entropies', [2.194079, 1.9532546, 803.84296])
('Z cost', [[3.133176, 3.3612053, 4.474906, 19.070911]])
---------------------------------------------------------------------------------------------------------
---------------------------------------------------------------------------------------------------------
('batch index', 0, [[24.124626, 2.8763595, 14.153786, 31.334848]])
[0.6834]
---------------------------------------------------------------------------------------------------------
---------------------------------------------------------------------------------------------------------
('batch index', 100, [[4.006382, 2.5309086, 17.63857, 57.616714]])
[0.76083636]
---------------------------------------------------------------------------------------------------------
---------------------------------------------------------------------------------------------------------
('batch index', 200, [[1.6348978, 4.0335493, 39.82276, 42.53906]])
[0.72876364]
---------------------------------------------------------------------------------------------------------
---------------------------------------------------------------------------------------------------------
('batch index', 300, [[3.6052792, 1.393749, 27.735477, 59.056858]])
[0.65983635]
---------------------------------------------------------------------------------------------------------
---------------------------------------------------------------------------------------------------------
('batch index', 400, [[1.1646614, 1.2310238, 9.93717, 6.294356]])
[0.7415636]
---------------------------------------------------------------------------------------------------------
----------------------------------------------------------------------------ls-----------------------------
('Accuracies', 37, 'Test', array([0.35620001]), 'Train', array([0.7101]))
('Cost_M1', array([0.99203515]), 'Cost_M2', array([0.54747105]), 'Overall Cost', array([0.4445641]))
('Entropies', [2.1898842, 1.9306824, 812.6727])
('Z cost', [[1.469148, 1.1649745, 5.3985105, 13.696377]])
---------------------------------------------------------------------------------------------------------
---------------------------------------------------------------------------------------------------------
('batch index', 0, [[4.863771, 1.2060735, 2.7564414, 8.199623]])
[0.7275091]
---------------------------------------------------------------------------------------------------------
---------------------------------------------------------------------------------------------------------
('batch index', 100, [[5.855603, 2.073824, 6.4811306, 32.542995]])
[0.6833636]
---------------------------------------------------------------------------------------------------------
---------------------------------------------------------------------------------------------------------
('batch index', 200, [[1.8327436, 4.3116255, 25.152695, 27.087324]])
[0.74323636]
---------------------------------------------------------------------------------------------------------
---------------------------------------------------------------------------------------------------------
('batch index', 300, [[1.0203887, 2.2832322, 28.289312, 56.413975]])
[0.74445456]
---------------------------------------------------------------------------------------------------------
---------------------------------------------------------------------------------------------------------
('batch index', 400, [[0.7123564, 1.0621741, 6.437734, 5.012684]])
[0.5986364]
---------------------------------------------------------------------------------------------------------
----------------------------------------------------------------------------ls-----------------------------
('Accuracies', 38, 'Test', array([0.33939999]), 'Train', array([0.66180003]))
('Cost_M1', array([1.07251835]), 'Cost_M2', array([0.55143231]), 'Overall Cost', array([0.52108604]))
('Entropies', [2.2057292, 1.9968102, 816.81177])
('Z cost', [[3.613777, 1.4714372, 6.40602, 9.129654]])
---------------------------------------------------------------------------------------------------------
---------------------------------------------------------------------------------------------------------
('batch index', 0, [[21.70448, 1.5184557, 2.6970103, 8.425589]])
[0.6764]
---------------------------------------------------------------------------------------------------------
---------------------------------------------------------------------------------------------------------
('batch index', 100, [[2.1563184, 0.56479734, 8.044119, 9.806344]])
[0.84056365]
---------------------------------------------------------------------------------------------------------
---------------------------------------------------------------------------------------------------------
('batch index', 200, [[2.0816467, 3.225051, 16.52626, 23.451729]])
[0.7086727]
---------------------------------------------------------------------------------------------------------
---------------------------------------------------------------------------------------------------------
('batch index', 300, [[8.440084, 6.9351315, 52.79451, 136.79887]])
[0.6621818]
---------------------------------------------------------------------------------------------------------
---------------------------------------------------------------------------------------------------------
('batch index', 400, [[1.1623423, 2.449779, 137.70064, 32.203293]])
[0.6439273]
---------------------------------------------------------------------------------------------------------
----------------------------------------------------------------------------ls-----------------------------
('Accuracies', 39, 'Test', array([0.30000001]), 'Train', array([0.50590003]))
('Cost_M1', array([1.37470627]), 'Cost_M2', array([0.56416649]), 'Overall Cost', array([0.81053978]))
('Entropies', [2.256666, 2.141668, 836.9387])
('Z cost', [[9.19226, 4.43874, 14.669963, 11.981484]])
---------------------------------------------------------------------------------------------------------
---------------------------------------------------------------------------------------------------------
('batch index', 0, [[31.223045, 4.430765, 13.642437, 10.896337]])
[0.5541091]
---------------------------------------------------------------------------------------------------------
---------------------------------------------------------------------------------------------------------
('batch index', 100, [[1.0373198, 1.5624186, 9.37727, 11.214636]])
[0.6650182]
---------------------------------------------------------------------------------------------------------
---------------------------------------------------------------------------------------------------------
('batch index', 200, [[0.9000465, 0.40745962, 8.392818, 7.6500664]])
[0.75772727]
---------------------------------------------------------------------------------------------------------
---------------------------------------------------------------------------------------------------------
('batch index', 300, [[0.68629485, 1.8133426, 9.976673, 14.359602]])
[0.7385455]
---------------------------------------------------------------------------------------------------------
---------------------------------------------------------------------------------------------------------
('batch index', 400, [[0.92037827, 1.3870676, 9.60989, 9.973898]])
[0.67447275]
---------------------------------------------------------------------------------------------------------
----------------------------------------------------------------------------ls-----------------------------
('Accuracies', 40, 'Test', array([0.38119999]), 'Train', array([0.72689998]))
('Cost_M1', array([1.00092292]), 'Cost_M2', array([0.54111564]), 'Overall Cost', array([0.45980728]))
('Entropies', [2.1644626, 1.9520605, 844.25616])
('Z cost', [[0.93772036, 1.5003083, 6.0523114, 15.769018]])
---------------------------------------------------------------------------------------------------------
---------------------------------------------------------------------------------------------------------
('batch index', 0, [[1.5525453, 4.0171604, 31.113201, 25.958178]])
[0.6938546]
---------------------------------------------------------------------------------------------------------
---------------------------------------------------------------------------------------------------------
('batch index', 100, [[6.6709967, 0.8178772, 7.827362, 2.7548263]])
[0.69296366]
---------------------------------------------------------------------------------------------------------
---------------------------------------------------------------------------------------------------------
('batch index', 200, [[0.69214356, 1.448417, 40.886032, 16.047184]])
[0.53983635]
---------------------------------------------------------------------------------------------------------
---------------------------------------------------------------------------------------------------------
('batch index', 300, [[0.58768594, 1.3526647, 6.8136196, 8.339031]])
[0.67265457]
---------------------------------------------------------------------------------------------------------
---------------------------------------------------------------------------------------------------------
('batch index', 400, [[1.1543125, 4.6534467, 38.06488, 36.275455]])
[0.63534546]
---------------------------------------------------------------------------------------------------------
----------------------------------------------------------------------------ls-----------------------------
('Accuracies', 41, 'Test', array([0.3547]), 'Train', array([0.70560002]))
('Cost_M1', array([1.02903628]), 'Cost_M2', array([0.54433525]), 'Overall Cost', array([0.48470104]))
('Entropies', [2.177341, 1.9087057, 850.09485])
('Z cost', [[1.1053469, 1.738637, 6.1464233, 25.726536]])
---------------------------------------------------------------------------------------------------------
---------------------------------------------------------------------------------------------------------
('batch index', 0, [[2.332489, 1.2872453, 5.6737614, 15.957692]])
[0.6926909]
---------------------------------------------------------------------------------------------------------
---------------------------------------------------------------------------------------------------------
('batch index', 100, [[26.138048, 1.6926559, 6.1136575, 18.040752]])
[0.7421273]
---------------------------------------------------------------------------------------------------------
---------------------------------------------------------------------------------------------------------
('batch index', 200, [[1.323734, 1.0392915, 12.624026, 17.066738]])
[0.79621816]
---------------------------------------------------------------------------------------------------------
---------------------------------------------------------------------------------------------------------
('batch index', 300, [[0.4806666, 1.8186446, 25.436241, 55.34162]])
[0.7423818]
---------------------------------------------------------------------------------------------------------
---------------------------------------------------------------------------------------------------------
('batch index', 400, [[0.9455583, 6.8426266, 48.835327, 47.129295]])
[0.7035818]
---------------------------------------------------------------------------------------------------------
----------------------------------------------------------------------------ls-----------------------------
('Accuracies', 42, 'Test', array([0.2888]), 'Train', array([0.56339997]))
('Cost_M1', array([1.22595096]), 'Cost_M2', array([0.56089479]), 'Overall Cost', array([0.66505617]))
('Entropies', [2.2435791, 2.003636, 866.57385])
('Z cost', [[1.6033056, 1.604737, 10.5948715, 20.360765]])
---------------------------------------------------------------------------------------------------------
---------------------------------------------------------------------------------------------------------
('batch index', 0, [[20.533585, 1.0746834, 7.1563606, 24.613092]])
[0.5667091]
---------------------------------------------------------------------------------------------------------
---------------------------------------------------------------------------------------------------------
('batch index', 100, [[2.757238, 1.5123514, 3.274777, 11.886564]])
[0.7274727]
---------------------------------------------------------------------------------------------------------
---------------------------------------------------------------------------------------------------------
('batch index', 200, [[3.1841314, 1.1039206, 11.680263, 7.2972755]])
[0.6682909]
---------------------------------------------------------------------------------------------------------
---------------------------------------------------------------------------------------------------------
('batch index', 300, [[39.259254, 7.341374, 101.30436, 141.82549]])
[0.6573455]
---------------------------------------------------------------------------------------------------------
---------------------------------------------------------------------------------------------------------
('batch index', 400, [[1.2562244, 0.9298333, 18.62939, 22.50116]])
[0.6702727]
---------------------------------------------------------------------------------------------------------
----------------------------------------------------------------------------ls-----------------------------
('Accuracies', 43, 'Test', array([0.35139999]), 'Train', array([0.82069999]))
('Cost_M1', array([0.99549496]), 'Cost_M2', array([0.53253365]), 'Overall Cost', array([0.46296132]))
('Entropies', [2.1301346, 1.9427568, 877.6797])
('Z cost', [[1.2394825, 3.2303445, 22.617401, 95.44978]])
---------------------------------------------------------------------------------------------------------
---------------------------------------------------------------------------------------------------------
('batch index', 0, [[6.8321314, 1.6335533, 18.632969, 73.25373]])
[0.7810909]
---------------------------------------------------------------------------------------------------------
---------------------------------------------------------------------------------------------------------
('batch index', 100, [[4.0484343, 1.0507454, 7.913288, 7.214522]])
[0.7118]
---------------------------------------------------------------------------------------------------------
---------------------------------------------------------------------------------------------------------
('batch index', 200, [[0.8456321, 1.3940017, 15.89851, 38.61657]])
[0.6678]
---------------------------------------------------------------------------------------------------------
---------------------------------------------------------------------------------------------------------
('batch index', 300, [[9.806647, 1.6054581, 5.1891046, 8.565798]])
[0.6253273]
---------------------------------------------------------------------------------------------------------
---------------------------------------------------------------------------------------------------------
('batch index', 400, [[1.6098645, 2.3080955, 11.293881, 16.878471]])
[0.67554545]
---------------------------------------------------------------------------------------------------------
----------------------------------------------------------------------------ls-----------------------------
('Accuracies', 44, 'Test', array([0.32730001]), 'Train', array([0.6692]))
('Cost_M1', array([1.02122426]), 'Cost_M2', array([0.54716128]), 'Overall Cost', array([0.47406298]))
('Entropies', [2.1886451, 1.8807974, 888.502])
('Z cost', [[2.6684747, 1.6291146, 6.051719, 5.944659]])
---------------------------------------------------------------------------------------------------------
---------------------------------------------------------------------------------------------------------
('batch index', 0, [[17.626064, 1.6476984, 27.308868, 12.609741]])
[0.6429091]
---------------------------------------------------------------------------------------------------------
---------------------------------------------------------------------------------------------------------
('batch index', 100, [[15.259102, 1.4839675, 11.013456, 18.514767]])
[0.62881815]
---------------------------------------------------------------------------------------------------------
---------------------------------------------------------------------------------------------------------
('batch index', 200, [[3.1378284, 1.6306182, 11.0873375, 19.786167]])
[0.71523637]
---------------------------------------------------------------------------------------------------------
---------------------------------------------------------------------------------------------------------
('batch index', 300, [[1.6364683, 1.4545197, 5.1854877, 12.114096]])
[0.67176366]
---------------------------------------------------------------------------------------------------------
---------------------------------------------------------------------------------------------------------
('batch index', 400, [[0.67623675, 2.204442, 27.10606, 23.177519]])
[0.6530909]
---------------------------------------------------------------------------------------------------------
----------------------------------------------------------------------------ls-----------------------------
('Accuracies', 45, 'Test', array([0.3206]), 'Train', array([0.68790001]))
('Cost_M1', array([1.04086828]), 'Cost_M2', array([0.54659235]), 'Overall Cost', array([0.49427593]))
('Entropies', [2.1863694, 1.8840327, 900.042])
('Z cost', [[1.6136178, 1.4665284, 6.1084185, 7.4557166]])
---------------------------------------------------------------------------------------------------------
---------------------------------------------------------------------------------------------------------
('batch index', 0, [[5.7286916, 0.90652037, 6.623286, 6.046685]])
[0.6837636]
---------------------------------------------------------------------------------------------------------
---------------------------------------------------------------------------------------------------------
('batch index', 100, [[3.4768775, 1.0878878, 11.092746, 15.463234]])
[0.72565454]
---------------------------------------------------------------------------------------------------------
---------------------------------------------------------------------------------------------------------
('batch index', 200, [[5.4698086, 7.7129445, 142.28903, 100.35448]])
[0.53729093]
---------------------------------------------------------------------------------------------------------
---------------------------------------------------------------------------------------------------------
('batch index', 300, [[2.5523953, 1.4499509, 9.819833, 6.998322]])
[0.6784545]
---------------------------------------------------------------------------------------------------------
---------------------------------------------------------------------------------------------------------
('batch index', 400, [[0.52886647, 2.6672366, 37.64381, 70.65851]])
[0.6307818]
---------------------------------------------------------------------------------------------------------
----------------------------------------------------------------------------ls-----------------------------
('Accuracies', 46, 'Test', array([0.30250001]), 'Train', array([0.71950001]))
('Cost_M1', array([1.00936675]), 'Cost_M2', array([0.54689181]), 'Overall Cost', array([0.46247494]))
('Entropies', [2.1875672, 1.8865926, 901.3644])
('Z cost', [[1.814139, 1.2917066, 13.792536, 26.067703]])
---------------------------------------------------------------------------------------------------------
---------------------------------------------------------------------------------------------------------
('batch index', 0, [[17.516708, 1.0232891, 12.382381, 21.12632]])
[0.73983634]
---------------------------------------------------------------------------------------------------------
---------------------------------------------------------------------------------------------------------
('batch index', 100, [[12.760967, 0.8645096, 14.245215, 7.3998423]])
[0.66245455]
---------------------------------------------------------------------------------------------------------
---------------------------------------------------------------------------------------------------------
('batch index', 200, [[1.7427862, 0.98671335, 13.81643, 8.940687]])
[0.7105455]
---------------------------------------------------------------------------------------------------------
---------------------------------------------------------------------------------------------------------
('batch index', 300, [[1.2816184, 1.8155375, 7.861529, 14.858243]])
[0.6542182]
---------------------------------------------------------------------------------------------------------
---------------------------------------------------------------------------------------------------------
('batch index', 400, [[0.9309504, 1.5306448, 7.877753, 6.9343805]])
[0.70378184]
---------------------------------------------------------------------------------------------------------
----------------------------------------------------------------------------ls-----------------------------
('Accuracies', 47, 'Test', array([0.29449999]), 'Train', array([0.73409998]))
('Cost_M1', array([1.02819586]), 'Cost_M2', array([0.5461421]), 'Overall Cost', array([0.48205376]))
('Entropies', [2.1845684, 1.9862297, 911.05334])
('Z cost', [[1.3411787, 1.2735884, 12.629385, 19.458311]])
---------------------------------------------------------------------------------------------------------
---------------------------------------------------------------------------------------------------------
('batch index', 0, [[10.059709, 4.5557365, 16.367617, 42.719032]])
[0.73294544]
---------------------------------------------------------------------------------------------------------
---------------------------------------------------------------------------------------------------------
('batch index', 100, [[3.027681, 0.9581441, 11.040718, 5.2048035]])
[0.6732909]
---------------------------------------------------------------------------------------------------------
---------------------------------------------------------------------------------------------------------
('batch index', 200, [[2.321794, 3.2888103, 22.888523, 18.813694]])
[0.6883818]
---------------------------------------------------------------------------------------------------------
---------------------------------------------------------------------------------------------------------
('batch index', 300, [[1.1655855, 1.0814945, 18.57191, 70.38928]])
[0.6711091]
---------------------------------------------------------------------------------------------------------
---------------------------------------------------------------------------------------------------------
('batch index', 400, [[0.7533966, 1.4982297, 9.539108, 6.493025]])
[0.68805456]
---------------------------------------------------------------------------------------------------------
----------------------------------------------------------------------------ls-----------------------------
('Accuracies', 48, 'Test', array([0.30430001]), 'Train', array([0.65310001]))
('Cost_M1', array([1.04351699]), 'Cost_M2', array([0.55128062]), 'Overall Cost', array([0.49223638]))
('Entropies', [2.2051225, 1.8631291, 921.96826])
('Z cost', [[0.4776496, 1.0828087, 7.5789547, 9.986776]])
---------------------------------------------------------------------------------------------------------
---------------------------------------------------------------------------------------------------------
('batch index', 0, [[0.6235985, 1.3350325, 6.164831, 9.034827]])
[0.65254545]
---------------------------------------------------------------------------------------------------------
---------------------------------------------------------------------------------------------------------
('batch index', 100, [[4.1348553, 1.3692522, 14.364428, 13.656114]])
[0.67367274]
---------------------------------------------------------------------------------------------------------
---------------------------------------------------------------------------------------------------------
('batch index', 200, [[2.4260192, 2.116867, 24.286364, 47.699287]])
[0.6833636]
---------------------------------------------------------------------------------------------------------
---------------------------------------------------------------------------------------------------------
('batch index', 300, [[1.3892674, 1.1916498, 12.435857, 12.117588]])
[0.6809091]
---------------------------------------------------------------------------------------------------------
---------------------------------------------------------------------------------------------------------
('batch index', 400, [[2.4311948, 1.2630649, 7.7516475, 6.691413]])
[0.6920364]
---------------------------------------------------------------------------------------------------------
----------------------------------------------------------------------------ls-----------------------------
('Accuracies', 49, 'Test', array([0.3028]), 'Train', array([0.65740001]))
('Cost_M1', array([1.00386548]), 'Cost_M2', array([0.54921931]), 'Overall Cost', array([0.45464617]))
('Entropies', [2.1968772, 1.8857903, 926.3723])
('Z cost', [[0.523726, 1.2931094, 9.43533, 7.8200607]])
---------------------------------------------------------------------------------------------------------
